This is pdfTeX, Version 3.1415926-1.40.11 (MiKTeX 2.9) (preloaded format=pdflatex 2014.8.25)  28 DEC 2015 11:41
entering extended mode
**QuantumSynapticAnnealing.tex
(C:\fletcher-thesis\pami\QuantumSynapticAnnealing.tex
LaTeX2e <2009/09/24>
Babel <v3.8l> and hyphenation patterns for english, afrikaans, ancientgreek, ar
abic, armenian, assamese, basque, bengali, bokmal, bulgarian, catalan, coptic, 
croatian, czech, danish, dutch, esperanto, estonian, farsi, finnish, french, ga
lician, german, german-x-2009-06-19, greek, gujarati, hindi, hungarian, iceland
ic, indonesian, interlingua, irish, italian, kannada, kurmanji, lao, latin, lat
vian, lithuanian, malayalam, marathi, mongolian, mongolianlmc, monogreek, ngerm
an, ngerman-x-2009-06-19, nynorsk, oriya, panjabi, pinyin, polish, portuguese, 
romanian, russian, sanskrit, serbian, slovak, slovenian, spanish, swedish, swis
sgerman, tamil, telugu, turkish, turkmen, ukenglish, ukrainian, uppersorbian, u
senglishmax, welsh, loaded.
(C:\fletcher-thesis\pami\IEEEtran.cls
Document Class: IEEEtran 2012/12/27 V1.8 by Michael Shell
-- See the "IEEEtran_HOWTO" manual for usage information.
-- http://www.michaelshell.org/tex/ieeetran/
\@IEEEtrantmpdimenA=\dimen102
\@IEEEtrantmpdimenB=\dimen103
\@IEEEtrantmpcountA=\count79
\@IEEEtrantmpcountB=\count80
\@IEEEtrantmptoksA=\toks14
-- Using IEEE Computer Society mode.
LaTeX Font Info:    Try loading font information for OT1+ppl on input line 368.

("C:\Program Files (x86)\MiKTeX 2.9\tex\latex\psnfss\ot1ppl.fd"
File: ot1ppl.fd 2001/06/04 font definitions for OT1/ppl.
)
-- Using 8.5in x 11in (letter) paper.
-- Using PDF output.
\@IEEEnormalsizeunitybaselineskip=\dimen104
-- This is a 10 point document.
\CLASSINFOnormalsizebaselineskip=\dimen105
\CLASSINFOnormalsizeunitybaselineskip=\dimen106
\IEEEnormaljot=\dimen107
LaTeX Font Info:    Font shape `OT1/ppl/bx/n' in size <5> not available
(Font)              Font shape `OT1/ppl/b/n' tried instead on input line 726.
LaTeX Font Info:    Font shape `OT1/ppl/bx/it' in size <5> not available
(Font)              Font shape `OT1/ppl/b/it' tried instead on input line 726.
LaTeX Font Info:    Font shape `OT1/ppl/bx/n' in size <7> not available
(Font)              Font shape `OT1/ppl/b/n' tried instead on input line 726.
LaTeX Font Info:    Font shape `OT1/ppl/bx/it' in size <7> not available
(Font)              Font shape `OT1/ppl/b/it' tried instead on input line 726.
LaTeX Font Info:    Font shape `OT1/ppl/bx/n' in size <8> not available
(Font)              Font shape `OT1/ppl/b/n' tried instead on input line 726.
LaTeX Font Info:    Font shape `OT1/ppl/bx/it' in size <8> not available
(Font)              Font shape `OT1/ppl/b/it' tried instead on input line 726.
LaTeX Font Info:    Font shape `OT1/ppl/bx/n' in size <9> not available
(Font)              Font shape `OT1/ppl/b/n' tried instead on input line 726.
LaTeX Font Info:    Font shape `OT1/ppl/bx/it' in size <9> not available
(Font)              Font shape `OT1/ppl/b/it' tried instead on input line 726.
LaTeX Font Info:    Font shape `OT1/ppl/bx/n' in size <10> not available
(Font)              Font shape `OT1/ppl/b/n' tried instead on input line 726.
LaTeX Font Info:    Font shape `OT1/ppl/bx/it' in size <10> not available
(Font)              Font shape `OT1/ppl/b/it' tried instead on input line 726.
LaTeX Font Info:    Font shape `OT1/ppl/bx/n' in size <11> not available
(Font)              Font shape `OT1/ppl/b/n' tried instead on input line 726.
LaTeX Font Info:    Font shape `OT1/ppl/bx/it' in size <11> not available
(Font)              Font shape `OT1/ppl/b/it' tried instead on input line 726.
LaTeX Font Info:    Font shape `OT1/ppl/bx/n' in size <12> not available
(Font)              Font shape `OT1/ppl/b/n' tried instead on input line 726.
LaTeX Font Info:    Font shape `OT1/ppl/bx/it' in size <12> not available
(Font)              Font shape `OT1/ppl/b/it' tried instead on input line 726.
LaTeX Font Info:    Font shape `OT1/ppl/bx/n' in size <17> not available
(Font)              Font shape `OT1/ppl/b/n' tried instead on input line 726.
LaTeX Font Info:    Font shape `OT1/ppl/bx/it' in size <17> not available
(Font)              Font shape `OT1/ppl/b/it' tried instead on input line 726.
LaTeX Font Info:    Font shape `OT1/ppl/bx/n' in size <20> not available
(Font)              Font shape `OT1/ppl/b/n' tried instead on input line 726.
LaTeX Font Info:    Font shape `OT1/ppl/bx/it' in size <20> not available
(Font)              Font shape `OT1/ppl/b/it' tried instead on input line 726.
LaTeX Font Info:    Font shape `OT1/ppl/bx/n' in size <24> not available
(Font)              Font shape `OT1/ppl/b/n' tried instead on input line 726.
LaTeX Font Info:    Font shape `OT1/ppl/bx/it' in size <24> not available
(Font)              Font shape `OT1/ppl/b/it' tried instead on input line 726.
\IEEEilabelindentA=\dimen108
\IEEEilabelindentB=\dimen109
\IEEEilabelindent=\dimen110
\IEEEelabelindent=\dimen111
\IEEEdlabelindent=\dimen112
\IEEElabelindent=\dimen113
\IEEEiednormlabelsep=\dimen114
\IEEEiedmathlabelsep=\dimen115
\IEEEiedtopsep=\skip41
\c@section=\count81
\c@subsection=\count82
\c@subsubsection=\count83
\c@paragraph=\count84
\c@IEEEsubequation=\count85
\abovecaptionskip=\skip42
\belowcaptionskip=\skip43
\c@figure=\count86
\c@table=\count87
\@IEEEeqnnumcols=\count88
\@IEEEeqncolcnt=\count89
\@IEEEsubeqnnumrollback=\count90
\@IEEEtmpitemindent=\dimen116
\c@IEEEbiography=\count91
\@IEEEtranrubishbin=\box26
) ("C:\Program Files (x86)\MiKTeX 2.9\tex\latex\ams\math\amsmath.sty"
Package: amsmath 2000/07/18 v2.13 AMS math features
\@mathmargin=\skip44

For additional information on amsmath, use the `?' option.
("C:\Program Files (x86)\MiKTeX 2.9\tex\latex\ams\math\amstext.sty"
Package: amstext 2000/06/29 v2.01

("C:\Program Files (x86)\MiKTeX 2.9\tex\latex\ams\math\amsgen.sty"
File: amsgen.sty 1999/11/30 v2.0
\@emptytoks=\toks15
\ex@=\dimen117
))
("C:\Program Files (x86)\MiKTeX 2.9\tex\latex\ams\math\amsbsy.sty"
Package: amsbsy 1999/11/29 v1.2d
\pmbraise@=\dimen118
)
("C:\Program Files (x86)\MiKTeX 2.9\tex\latex\ams\math\amsopn.sty"
Package: amsopn 1999/12/14 v2.01 operator names
)
\inf@bad=\count92
LaTeX Info: Redefining \frac on input line 211.
\uproot@=\count93
\leftroot@=\count94
LaTeX Info: Redefining \overline on input line 307.
\classnum@=\count95
\DOTSCASE@=\count96
LaTeX Info: Redefining \ldots on input line 379.
LaTeX Info: Redefining \dots on input line 382.
LaTeX Info: Redefining \cdots on input line 467.
\Mathstrutbox@=\box27
\strutbox@=\box28
\big@size=\dimen119
LaTeX Font Info:    Redeclaring font encoding OML on input line 567.
LaTeX Font Info:    Redeclaring font encoding OMS on input line 568.
\macc@depth=\count97
\c@MaxMatrixCols=\count98
\dotsspace@=\muskip10
\c@parentequation=\count99
\dspbrk@lvl=\count100
\tag@help=\toks16
\row@=\count101
\column@=\count102
\maxfields@=\count103
\andhelp@=\toks17
\eqnshift@=\dimen120
\alignsep@=\dimen121
\tagshift@=\dimen122
\tagwidth@=\dimen123
\totwidth@=\dimen124
\lineht@=\dimen125
\@envbody=\toks18
\multlinegap=\skip45
\multlinetaggap=\skip46
\mathdisplay@stack=\toks19
LaTeX Info: Redefining \[ on input line 2666.
LaTeX Info: Redefining \] on input line 2667.
)
("C:\Program Files (x86)\MiKTeX 2.9\tex\latex\amsfonts\amsfonts.sty"
Package: amsfonts 2009/06/22 v3.00 Basic AMSFonts support
\symAMSa=\mathgroup4
\symAMSb=\mathgroup5
LaTeX Font Info:    Overwriting math alphabet `\mathfrak' in version `bold'
(Font)                  U/euf/m/n --> U/euf/b/n on input line 96.
)
("C:\Program Files (x86)\MiKTeX 2.9\tex\latex\ams\classes\amsthm.sty"
Package: amsthm 2004/08/06 v2.20
\thm@style=\toks20
\thm@bodyfont=\toks21
\thm@headfont=\toks22
\thm@notefont=\toks23
\thm@headpunct=\toks24
\thm@preskip=\skip47
\thm@postskip=\skip48
\thm@headsep=\skip49
\dth@everypar=\toks25
)
("C:\Program Files (x86)\MiKTeX 2.9\tex\latex\amsfonts\amssymb.sty"
Package: amssymb 2009/06/22 v3.00
)
("C:\Program Files (x86)\MiKTeX 2.9\tex\latex\algorithms\algorithmic.sty"
Package: algorithmic 2009/08/24 v0.1 Document Style `algorithmic'

("C:\Program Files (x86)\MiKTeX 2.9\tex\latex\base\ifthen.sty"
Package: ifthen 2001/05/26 v1.1c Standard LaTeX ifthen package (DPC)
)
("C:\Program Files (x86)\MiKTeX 2.9\tex\latex\graphics\keyval.sty"
Package: keyval 1999/03/16 v1.13 key=value parser (DPC)
\KV@toks@=\toks26
)
\c@ALC@unique=\count104
\c@ALC@line=\count105
\c@ALC@rem=\count106
\c@ALC@depth=\count107
\ALC@tlm=\skip50
\algorithmicindent=\skip51
)
("C:\Program Files (x86)\MiKTeX 2.9\tex\latex\algorithms\algorithm.sty"
Package: algorithm 2009/08/24 v0.1 Document Style `algorithm' - floating enviro
nment

("C:\Program Files (x86)\MiKTeX 2.9\tex\latex\float\float.sty"
Package: float 2001/11/08 v1.3d Float enhancements (AL)
\c@float@type=\count108
\float@exts=\toks27
\float@box=\box29
\@float@everytoks=\toks28
\@floatcapt=\box30
)
\@float@every@algorithm=\toks29
\c@algorithm=\count109
)
("C:\Program Files (x86)\MiKTeX 2.9\tex\latex\graphics\graphicx.sty"
Package: graphicx 1999/02/16 v1.0f Enhanced LaTeX Graphics (DPC,SPQR)

("C:\Program Files (x86)\MiKTeX 2.9\tex\latex\graphics\graphics.sty"
Package: graphics 2009/02/05 v1.0o Standard LaTeX Graphics (DPC,SPQR)

("C:\Program Files (x86)\MiKTeX 2.9\tex\latex\graphics\trig.sty"
Package: trig 1999/03/16 v1.09 sin cos tan (DPC)
)
("C:\Program Files (x86)\MiKTeX 2.9\tex\latex\00miktex\graphics.cfg"
File: graphics.cfg 2007/01/18 v1.5 graphics configuration of teTeX/TeXLive
)
Package graphics Info: Driver file: pdftex.def on input line 91.

("C:\Program Files (x86)\MiKTeX 2.9\tex\latex\pdftex-def\pdftex.def"
File: pdftex.def 2011/01/28 v0.05d Graphics/color for pdfTeX
\Gread@gobject=\count110
))
\Gin@req@height=\dimen126
\Gin@req@width=\dimen127
)
("C:\Program Files (x86)\MiKTeX 2.9\tex\latex\tools\array.sty"
Package: array 2008/09/09 v2.4c Tabular extension package (FMi)
\col@sep=\dimen128
\extrarowheight=\dimen129
\NC@list=\toks30
\extratabsurround=\skip52
\backup@length=\skip53
)
("C:\Program Files (x86)\MiKTeX 2.9\tex\latex\mdwtools\mdwmath.sty"
Package: mdwmath 1996/04/11 1.1 Nice mathematical things
\sq@sqrt=\count111
LaTeX Info: Redefining \sqrt on input line 84.
)
("C:\Program Files (x86)\MiKTeX 2.9\tex\latex\mdwtools\mdwtab.sty"
Package: mdwtab 1998/04/28 1.9 Table typesetting with style
\tab@state=\count112
\tab@columns=\count113
\tab@preamble=\toks31
\tab@shortline=\toks32
\extrarowheight=\dimen130
\tabextrasep=\dimen131
\arrayextrasep=\dimen132
\smarraycolsep=\dimen133
\smarrayextrasep=\dimen134
\tab@width=\dimen135
\col@sep=\dimen136
\tab@endheight=\dimen137
\tab@leftskip=\skip54
\tab@rightskip=\skip55
\fn@notes=\box31
\fn@width=\dimen138
)
("C:\Program Files (x86)\MiKTeX 2.9\tex\latex\graphics\epsfig.sty"
Package: epsfig 1999/02/16 v1.7a (e)psfig emulation (SPQR)
\epsfxsize=\dimen139
\epsfysize=\dimen140
)
("C:\Program Files (x86)\MiKTeX 2.9\tex\latex\base\textcomp.sty"
Package: textcomp 2005/09/27 v1.99g Standard LaTeX package
Package textcomp Info: Sub-encoding information:
(textcomp)               5 = only ISO-Adobe without \textcurrency
(textcomp)               4 = 5 + \texteuro
(textcomp)               3 = 4 + \textohm
(textcomp)               2 = 3 + \textestimated + \textcurrency
(textcomp)               1 = TS1 - \textcircled - \t
(textcomp)               0 = TS1 (full)
(textcomp)             Font families with sub-encoding setting implement
(textcomp)             only a restricted character set as indicated.
(textcomp)             Family '?' is the default used for unknown fonts.
(textcomp)             See the documentation for details.
Package textcomp Info: Setting ? sub-encoding to TS1/1 on input line 71.

("C:\Program Files (x86)\MiKTeX 2.9\tex\latex\base\ts1enc.def"
File: ts1enc.def 2001/06/05 v3.0e (jk/car/fm) Standard LaTeX file
)
LaTeX Info: Redefining \oldstylenums on input line 266.
Package textcomp Info: Setting cmr sub-encoding to TS1/0 on input line 281.
Package textcomp Info: Setting cmss sub-encoding to TS1/0 on input line 282.
Package textcomp Info: Setting cmtt sub-encoding to TS1/0 on input line 283.
Package textcomp Info: Setting cmvtt sub-encoding to TS1/0 on input line 284.
Package textcomp Info: Setting cmbr sub-encoding to TS1/0 on input line 285.
Package textcomp Info: Setting cmtl sub-encoding to TS1/0 on input line 286.
Package textcomp Info: Setting ccr sub-encoding to TS1/0 on input line 287.
Package textcomp Info: Setting ptm sub-encoding to TS1/4 on input line 288.
Package textcomp Info: Setting pcr sub-encoding to TS1/4 on input line 289.
Package textcomp Info: Setting phv sub-encoding to TS1/4 on input line 290.
Package textcomp Info: Setting ppl sub-encoding to TS1/3 on input line 291.
Package textcomp Info: Setting pag sub-encoding to TS1/4 on input line 292.
Package textcomp Info: Setting pbk sub-encoding to TS1/4 on input line 293.
Package textcomp Info: Setting pnc sub-encoding to TS1/4 on input line 294.
Package textcomp Info: Setting pzc sub-encoding to TS1/4 on input line 295.
Package textcomp Info: Setting bch sub-encoding to TS1/4 on input line 296.
Package textcomp Info: Setting put sub-encoding to TS1/5 on input line 297.
Package textcomp Info: Setting uag sub-encoding to TS1/5 on input line 298.
Package textcomp Info: Setting ugq sub-encoding to TS1/5 on input line 299.
Package textcomp Info: Setting ul8 sub-encoding to TS1/4 on input line 300.
Package textcomp Info: Setting ul9 sub-encoding to TS1/4 on input line 301.
Package textcomp Info: Setting augie sub-encoding to TS1/5 on input line 302.
Package textcomp Info: Setting dayrom sub-encoding to TS1/3 on input line 303.
Package textcomp Info: Setting dayroms sub-encoding to TS1/3 on input line 304.

Package textcomp Info: Setting pxr sub-encoding to TS1/0 on input line 305.
Package textcomp Info: Setting pxss sub-encoding to TS1/0 on input line 306.
Package textcomp Info: Setting pxtt sub-encoding to TS1/0 on input line 307.
Package textcomp Info: Setting txr sub-encoding to TS1/0 on input line 308.
Package textcomp Info: Setting txss sub-encoding to TS1/0 on input line 309.
Package textcomp Info: Setting txtt sub-encoding to TS1/0 on input line 310.
Package textcomp Info: Setting futs sub-encoding to TS1/4 on input line 311.
Package textcomp Info: Setting futx sub-encoding to TS1/4 on input line 312.
Package textcomp Info: Setting futj sub-encoding to TS1/4 on input line 313.
Package textcomp Info: Setting hlh sub-encoding to TS1/3 on input line 314.
Package textcomp Info: Setting hls sub-encoding to TS1/3 on input line 315.
Package textcomp Info: Setting hlst sub-encoding to TS1/3 on input line 316.
Package textcomp Info: Setting hlct sub-encoding to TS1/5 on input line 317.
Package textcomp Info: Setting hlx sub-encoding to TS1/5 on input line 318.
Package textcomp Info: Setting hlce sub-encoding to TS1/5 on input line 319.
Package textcomp Info: Setting hlcn sub-encoding to TS1/5 on input line 320.
Package textcomp Info: Setting hlcw sub-encoding to TS1/5 on input line 321.
Package textcomp Info: Setting hlcf sub-encoding to TS1/5 on input line 322.
Package textcomp Info: Setting pplx sub-encoding to TS1/3 on input line 323.
Package textcomp Info: Setting pplj sub-encoding to TS1/3 on input line 324.
Package textcomp Info: Setting ptmx sub-encoding to TS1/4 on input line 325.
Package textcomp Info: Setting ptmj sub-encoding to TS1/4 on input line 326.
)
("C:\Program Files (x86)\MiKTeX 2.9\tex\latex\oberdiek\epstopdf.sty"
Package: epstopdf 2010/02/09 v2.5 Conversion with epstopdf on the fly (HO)

("C:\Program Files (x86)\MiKTeX 2.9\tex\latex\oberdiek\epstopdf-base.sty"
Package: epstopdf-base 2010/02/09 v2.5 Base part for package epstopdf

("C:\Program Files (x86)\MiKTeX 2.9\tex\generic\oberdiek\infwarerr.sty"
Package: infwarerr 2010/04/08 v1.3 Providing info/warning/message (HO)
)
("C:\Program Files (x86)\MiKTeX 2.9\tex\latex\oberdiek\grfext.sty"
Package: grfext 2007/09/30 v1.0 Managing graphics extensions (HO)
)
("C:\Program Files (x86)\MiKTeX 2.9\tex\latex\oberdiek\kvoptions.sty"
Package: kvoptions 2010/02/22 v3.7 Keyval support for LaTeX options (HO)

("C:\Program Files (x86)\MiKTeX 2.9\tex\generic\oberdiek\kvsetkeys.sty"
Package: kvsetkeys 2010/03/01 v1.9 Key value parser (HO)

("C:\Program Files (x86)\MiKTeX 2.9\tex\generic\oberdiek\etexcmds.sty"
Package: etexcmds 2010/01/28 v1.3 Prefix for e-TeX command names (HO)
Package etexcmds Info: Could not find \expanded.
(etexcmds)             That can mean that you are not using pdfTeX 1.50 or
(etexcmds)             that some package has redefined \expanded.
(etexcmds)             In the latter case, load this package earlier.
)))
("C:\Program Files (x86)\MiKTeX 2.9\tex\generic\oberdiek\pdftexcmds.sty"
Package: pdftexcmds 2010/04/01 v0.9 Utility functions of pdfTeX for LuaTeX (HO)


("C:\Program Files (x86)\MiKTeX 2.9\tex\generic\oberdiek\ifluatex.sty"
Package: ifluatex 2010/03/01 v1.3 Provides the ifluatex switch (HO)
Package ifluatex Info: LuaTeX not detected.
)
("C:\Program Files (x86)\MiKTeX 2.9\tex\generic\oberdiek\ltxcmds.sty"
Package: ltxcmds 2010/04/26 v1.7 LaTeX kernel commands for general use (HO)
)
Package pdftexcmds Info: LuaTeX not detected.
Package pdftexcmds Info: \pdf@primitive is available.
Package pdftexcmds Info: \pdf@ifprimitive is available.
)
Package grfext Info: Graphics extension search list:
(grfext)             [.png,.pdf,.jpg,.mps,.jpeg,.jbig2,.jb2,.PNG,.PDF,.JPG,.JPE
G,.JBIG2,.JB2,.eps]
(grfext)             \AppendGraphicsExtensions on input line 436.
))
("C:\Program Files (x86)\MiKTeX 2.9\tex\latex\rotating\rotating.sty"
Package: rotating 2009/03/28 v2.16a rotated objects in LaTeX
\c@r@tfl@t=\count114
\rotFPtop=\skip56
\rotFPbot=\skip57
\rot@float@box=\box32
\rot@mess@toks=\toks33
)

LaTeX Warning: Unused global option(s):
    [cspaper].

(C:\fletcher-thesis\pami\QuantumSynapticAnnealing.aux

LaTeX Warning: Label `block1b' multiply defined.


LaTeX Warning: Label `block1b' multiply defined.


LaTeX Warning: Label `block1b' multiply defined.


LaTeX Warning: Label `block1b' multiply defined.


LaTeX Warning: Label `block1a' multiply defined.


LaTeX Warning: Label `block1b' multiply defined.


LaTeX Warning: Label `block1c' multiply defined.


LaTeX Warning: Label `block1d' multiply defined.


LaTeX Warning: Label `block2a' multiply defined.


LaTeX Warning: Label `block1b' multiply defined.


LaTeX Warning: Label `block1b' multiply defined.


LaTeX Warning: Label `block2b' multiply defined.


LaTeX Warning: Label `block3a' multiply defined.


LaTeX Warning: Label `block1b' multiply defined.


LaTeX Warning: Label `block1b' multiply defined.


LaTeX Warning: Label `block3b' multiply defined.

)
LaTeX Font Info:    Checking defaults for OML/cmm/m/it on input line 21.
LaTeX Font Info:    ... okay on input line 21.
LaTeX Font Info:    Checking defaults for T1/cmr/m/n on input line 21.
LaTeX Font Info:    ... okay on input line 21.
LaTeX Font Info:    Checking defaults for OT1/cmr/m/n on input line 21.
LaTeX Font Info:    ... okay on input line 21.
LaTeX Font Info:    Checking defaults for OMS/cmsy/m/n on input line 21.
LaTeX Font Info:    ... okay on input line 21.
LaTeX Font Info:    Checking defaults for OMX/cmex/m/n on input line 21.
LaTeX Font Info:    ... okay on input line 21.
LaTeX Font Info:    Checking defaults for U/cmr/m/n on input line 21.
LaTeX Font Info:    ... okay on input line 21.
LaTeX Font Info:    Checking defaults for TS1/cmr/m/n on input line 21.
LaTeX Font Info:    Try loading font information for TS1+cmr on input line 21.
 ("C:\Program Files (x86)\MiKTeX 2.9\tex\latex\base\ts1cmr.fd"
File: ts1cmr.fd 1999/05/25 v2.5h Standard LaTeX font definitions
)
LaTeX Font Info:    ... okay on input line 21.

("C:\Program Files (x86)\MiKTeX 2.9\tex\context\base\supp-pdf.mkii"
[Loading MPS to PDF converter (version 2006.09.02).]
\scratchcounter=\count115
\scratchdimen=\dimen141
\scratchbox=\box33
\nofMPsegments=\count116
\nofMParguments=\count117
\everyMPshowfont=\toks34
\MPscratchCnt=\count118
\MPscratchDim=\dimen142
\MPnumerator=\count119
\everyMPtoPDFconversion=\toks35
)
** ATTENTION: \IEEEcompsoctitleabstractindextext is deprecated (line 36). Use \
IEEEtitleabstractindextext instead.
LaTeX Font Info:    Try loading font information for OT1+phv on input line 49.
("C:\Program Files (x86)\MiKTeX 2.9\tex\latex\psnfss\ot1phv.fd"
File: ot1phv.fd 2001/06/04 scalable font definitions for OT1/phv.
)
LaTeX Font Info:    Font shape `OT1/phv/m/it' in size <11> not available
(Font)              Font shape `OT1/phv/m/sl' tried instead on input line 49.
LaTeX Font Info:    Font shape `OT1/phv/bx/n' in size <8> not available
(Font)              Font shape `OT1/phv/b/n' tried instead on input line 49.

** ATTENTION: \keywords is deprecated (line 49). Use \IEEEkeywords instead.
LaTeX Font Info:    Calculating math sizes for size <11> on input line 49.
LaTeX Font Info:    Try loading font information for U+msa on input line 49.
("C:\Program Files (x86)\MiKTeX 2.9\tex\latex\amsfonts\umsa.fd"
File: umsa.fd 2009/06/22 v3.00 AMS symbols A
)
LaTeX Font Info:    Try loading font information for U+msb on input line 49.

("C:\Program Files (x86)\MiKTeX 2.9\tex\latex\amsfonts\umsb.fd"
File: umsb.fd 2009/06/22 v3.00 AMS symbols B
)
LaTeX Font Info:    Try loading font information for U+pzd on input line 49.

("C:\Program Files (x86)\MiKTeX 2.9\tex\latex\psnfss\upzd.fd"
File: upzd.fd 2001/06/04 font definitions for U/pzd.
)
** ATTENTION: \keywords is deprecated (line 49). Use \IEEEkeywords instead.

Underfull \hbox (badness 10000) in paragraph at lines 49--49

 []

LaTeX Font Info:    Font shape `OT1/phv/bx/n' in size <12> not available
(Font)              Font shape `OT1/phv/b/n' tried instead on input line 51.
LaTeX Font Info:    Font shape `OT1/phv/bx/sc' in size <12> not available
(Font)              Font shape `OT1/phv/b/sc' tried instead on input line 51.
[1{C:/ProgramData/MiKTeX/2.9/pdftex/config/pdftex.map}


]
LaTeX Font Info:    Font shape `OT1/phv/bx/n' in size <10> not available
(Font)              Font shape `OT1/phv/b/n' tried instead on input line 87.
Package epstopdf Info: Source file: <figures/concrete_matrix_rep_a.eps>
(epstopdf)                    date: 2015-12-26 10:39:20
(epstopdf)                    size: 151035 bytes
(epstopdf)             Output file: <figures/concrete_matrix_rep_a-eps-converte
d-to.pdf>
(epstopdf)                    date: 2015-12-26 10:39:20
(epstopdf)                    size: 52587 bytes
(epstopdf)             Command: <epstopdf --outfile=figures/concrete_matrix_rep
_a-eps-converted-to.pdf figures/concrete_matrix_rep_a.eps>
(epstopdf)             \includegraphics on input line 94.
Package epstopdf Info: Output file is already uptodate.

<figures/concrete_matrix_rep_a-eps-converted-to.pdf, id=12, 604.2575pt x 480.79
625pt>
File: figures/concrete_matrix_rep_a-eps-converted-to.pdf Graphic file (type pdf
)
 <use figures/concrete_matrix_rep_a-eps-converted-to.pdf>
Package epstopdf Info: Source file: <figures/concrete_matrix_rep_b.eps>
(epstopdf)                    date: 2015-12-26 10:39:20
(epstopdf)                    size: 131979 bytes
(epstopdf)             Output file: <figures/concrete_matrix_rep_b-eps-converte
d-to.pdf>
(epstopdf)                    date: 2015-12-26 10:39:20
(epstopdf)                    size: 53243 bytes
(epstopdf)             Command: <epstopdf --outfile=figures/concrete_matrix_rep
_b-eps-converted-to.pdf figures/concrete_matrix_rep_b.eps>
(epstopdf)             \includegraphics on input line 101.
Package epstopdf Info: Output file is already uptodate.

<figures/concrete_matrix_rep_b-eps-converted-to.pdf, id=13, 583.17876pt x 365.3
65pt>
File: figures/concrete_matrix_rep_b-eps-converted-to.pdf Graphic file (type pdf
)
 <use figures/concrete_matrix_rep_b-eps-converted-to.pdf>
Package epstopdf Info: Source file: <figures/abstract_matrix_rep.eps>
(epstopdf)                    date: 2015-12-26 10:39:20
(epstopdf)                    size: 192941 bytes
(epstopdf)             Output file: <figures/abstract_matrix_rep-eps-converted-
to.pdf>
(epstopdf)                    date: 2015-12-26 10:39:20
(epstopdf)                    size: 35080 bytes
(epstopdf)             Command: <epstopdf --outfile=figures/abstract_matrix_rep
-eps-converted-to.pdf figures/abstract_matrix_rep.eps>
(epstopdf)             \includegraphics on input line 117.
Package epstopdf Info: Output file is already uptodate.

<figures/abstract_matrix_rep-eps-converted-to.pdf, id=14, 999.735pt x 507.8975p
t>
File: figures/abstract_matrix_rep-eps-converted-to.pdf Graphic file (type pdf)
 <use figures/abstract_matrix_rep-eps-converted-to.pdf> [2 <C:/fletcher-thesis/
pami/figures/concrete_matrix_rep_a-eps-converted-to.pdf> <C:/fletcher-thesis/pa
mi/figures/concrete_matrix_rep_b-eps-converted-to.pdf>]
LaTeX Font Info:    Font shape `OT1/phv/m/it' in size <10> not available
(Font)              Font shape `OT1/phv/m/sl' tried instead on input line 145.
Package epstopdf Info: Source file: <figures/tunneling_ex.eps>
(epstopdf)                    date: 2015-12-26 10:39:20
(epstopdf)                    size: 112596 bytes
(epstopdf)             Output file: <figures/tunneling_ex-eps-converted-to.pdf>

(epstopdf)                    date: 2015-12-26 10:39:20
(epstopdf)                    size: 32004 bytes
(epstopdf)             Command: <epstopdf --outfile=figures/tunneling_ex-eps-co
nverted-to.pdf figures/tunneling_ex.eps>
(epstopdf)             \includegraphics on input line 165.
Package epstopdf Info: Output file is already uptodate.

<figures/tunneling_ex-eps-converted-to.pdf, id=30, 836.12375pt x 777.90625pt>
File: figures/tunneling_ex-eps-converted-to.pdf Graphic file (type pdf)

<use figures/tunneling_ex-eps-converted-to.pdf> [3 <C:/fletcher-thesis/pami/fig
ures/abstract_matrix_rep-eps-converted-to.pdf> <C:/fletcher-thesis/pami/figures
/tunneling_ex-eps-converted-to.pdf>]
Package epstopdf Info: Source file: <figures/quantum_advantage_a.eps>
(epstopdf)                    date: 2015-12-26 10:39:20
(epstopdf)                    size: 146455 bytes
(epstopdf)             Output file: <figures/quantum_advantage_a-eps-converted-
to.pdf>
(epstopdf)                    date: 2015-12-26 10:39:20
(epstopdf)                    size: 43103 bytes
(epstopdf)             Command: <epstopdf --outfile=figures/quantum_advantage_a
-eps-converted-to.pdf figures/quantum_advantage_a.eps>
(epstopdf)             \includegraphics on input line 179.
Package epstopdf Info: Output file is already uptodate.

<figures/quantum_advantage_a-eps-converted-to.pdf, id=47, 932.48375pt x 863.225
pt>
File: figures/quantum_advantage_a-eps-converted-to.pdf Graphic file (type pdf)
 <use figures/quantum_advantage_a-eps-converted-to.pdf>
Package epstopdf Info: Source file: <figures/quantum_advantage_b.eps>
(epstopdf)                    date: 2015-12-26 10:39:20
(epstopdf)                    size: 1196369 bytes
(epstopdf)             Output file: <figures/quantum_advantage_b-eps-converted-
to.pdf>
(epstopdf)                    date: 2015-12-26 10:39:20
(epstopdf)                    size: 69135 bytes
(epstopdf)             Command: <epstopdf --outfile=figures/quantum_advantage_b
-eps-converted-to.pdf figures/quantum_advantage_b.eps>
(epstopdf)             \includegraphics on input line 186.
Package epstopdf Info: Output file is already uptodate.

<figures/quantum_advantage_b-eps-converted-to.pdf, id=48, 1166.3575pt x 940.513
75pt>
File: figures/quantum_advantage_b-eps-converted-to.pdf Graphic file (type pdf)
 <use figures/quantum_advantage_b-eps-converted-to.pdf>
Underfull \hbox (badness 10000) in paragraph at lines 210--211
[]\OT1/ppl/m/n/10 This traver-sal dis-tance will be dis-tributed
 []


Underfull \hbox (badness 10000) in paragraph at lines 210--211
\OT1/ppl/m/n/10 anisotrop-i-cally over the weights, with the
 []


Underfull \hbox (badness 6348) in paragraph at lines 210--211
\OT1/ppl/m/n/10 anisotrop-ic-ity de-ter-mined by the dis-tri-bu-tion
 []


Underfull \hbox (badness 1466) in paragraph at lines 210--211
\OT1/ppl/m/n/10 used to gen-er-ate $[]$. (See Sec. 3.2.4[] for more
 []

[4 <C:/fletcher-thesis/pami/figures/quantum_advantage_a-eps-converted-to.pdf> <
C:/fletcher-thesis/pami/figures/quantum_advantage_b-eps-converted-to.pdf>]
Underfull \hbox (badness 2158) in paragraph at lines 251--252
\OT1/ppl/m/n/10 limit. In this case the to-tal $\OML/cmm/m/it/10 L[]$ \OT1/ppl/
m/n/10 dis-tance tra-versed
 []

[5]
LaTeX Font Info:    Try loading font information for OMS+ppl on input line 325.

 ("C:\Program Files (x86)\MiKTeX 2.9\tex\latex\psnfss\omsppl.fd"
File: omsppl.fd 
)
LaTeX Font Info:    Font shape `OMS/ppl/m/n' in size <10> not available
(Font)              Font shape `OMS/cmsy/m/n' tried instead on input line 325.

<figures/classPerf/classPerf_g_i.png, id=64, 578.16pt x 431.4519pt>
File: figures/classPerf/classPerf_g_i.png Graphic file (type png)

<use figures/classPerf/classPerf_g_i.png>
<figures/classPerf/classPerf_e_i.png, id=67, 578.16pt x 431.4519pt>
File: figures/classPerf/classPerf_e_i.png Graphic file (type png)

<use figures/classPerf/classPerf_e_i.png>
<figures/classPerf/classPerf_c_i.png, id=69, 578.16pt x 431.4519pt>
File: figures/classPerf/classPerf_c_i.png Graphic file (type png)

<use figures/classPerf/classPerf_c_i.png>
<figures/classPerf/classPerf_u_i.png, id=71, 578.16pt x 431.4519pt>
File: figures/classPerf/classPerf_u_i.png Graphic file (type png)

<use figures/classPerf/classPerf_u_i.png>
<figures/classPerf/classPerf_g_ua.png, id=73, 578.16pt x 431.4519pt>
File: figures/classPerf/classPerf_g_ua.png Graphic file (type png)

<use figures/classPerf/classPerf_g_ua.png>
<figures/classPerf/classPerf_e_ua.png, id=75, 578.16pt x 431.4519pt>
File: figures/classPerf/classPerf_e_ua.png Graphic file (type png)

<use figures/classPerf/classPerf_e_ua.png>
<figures/classPerf/classPerf_c_ua.png, id=77, 578.16pt x 431.4519pt>
File: figures/classPerf/classPerf_c_ua.png Graphic file (type png)

<use figures/classPerf/classPerf_c_ua.png>
<figures/classPerf/classPerf_u_ua.png, id=79, 578.16pt x 431.4519pt>
File: figures/classPerf/classPerf_u_ua.png Graphic file (type png)

<use figures/classPerf/classPerf_u_ua.png>
<figures/classPerf/classPerf_g_va.png, id=81, 578.16pt x 431.4519pt>
File: figures/classPerf/classPerf_g_va.png Graphic file (type png)

<use figures/classPerf/classPerf_g_va.png>
<figures/classPerf/classPerf_e_va.png, id=83, 578.16pt x 431.4519pt>
File: figures/classPerf/classPerf_e_va.png Graphic file (type png)

<use figures/classPerf/classPerf_e_va.png>
<figures/classPerf/classPerf_c_va.png, id=85, 578.16pt x 431.4519pt>
File: figures/classPerf/classPerf_c_va.png Graphic file (type png)

<use figures/classPerf/classPerf_c_va.png>
<figures/classPerf/classPerf_u_va.png, id=87, 578.16pt x 431.4519pt>
File: figures/classPerf/classPerf_u_va.png Graphic file (type png)

<use figures/classPerf/classPerf_u_va.png> [6]
Underfull \vbox (badness 10000) has occurred while \output is active []

 [7 <C:/fletcher-thesis/pami/figures/classPerf/classPerf_g_i.png> <C:/fletcher-
thesis/pami/figures/classPerf/classPerf_e_i.png> <C:/fletcher-thesis/pami/figur
es/classPerf/classPerf_c_i.png> <C:/fletcher-thesis/pami/figures/classPerf/clas
sPerf_u_i.png> <C:/fletcher-thesis/pami/figures/classPerf/classPerf_g_ua.png> <
C:/fletcher-thesis/pami/figures/classPerf/classPerf_e_ua.png> <C:/fletcher-thes
is/pami/figures/classPerf/classPerf_c_ua.png> <C:/fletcher-thesis/pami/figures/
classPerf/classPerf_u_ua.png> <C:/fletcher-thesis/pami/figures/classPerf/classP
erf_g_va.png> <C:/fletcher-thesis/pami/figures/classPerf/classPerf_e_va.png> <C
:/fletcher-thesis/pami/figures/classPerf/classPerf_c_va.png> <C:/fletcher-thesi
s/pami/figures/classPerf/classPerf_u_va.png>]
<figures/completeFrac/completeFrac_g_i.png, id=121, 578.16pt x 431.4519pt>
File: figures/completeFrac/completeFrac_g_i.png Graphic file (type png)

<use figures/completeFrac/completeFrac_g_i.png>
<figures/completeFrac/completeFrac_e_i.png, id=123, 578.16pt x 431.4519pt>
File: figures/completeFrac/completeFrac_e_i.png Graphic file (type png)

<use figures/completeFrac/completeFrac_e_i.png>
<figures/completeFrac/completeFrac_c_i.png, id=125, 578.16pt x 431.4519pt>
File: figures/completeFrac/completeFrac_c_i.png Graphic file (type png)

<use figures/completeFrac/completeFrac_c_i.png>
<figures/completeFrac/completeFrac_u_i.png, id=127, 578.16pt x 431.4519pt>
File: figures/completeFrac/completeFrac_u_i.png Graphic file (type png)

<use figures/completeFrac/completeFrac_u_i.png>
<figures/completeFrac/completeFrac_g_ua.png, id=129, 578.16pt x 431.4519pt>
File: figures/completeFrac/completeFrac_g_ua.png Graphic file (type png)

<use figures/completeFrac/completeFrac_g_ua.png>
<figures/completeFrac/completeFrac_e_ua.png, id=131, 578.16pt x 431.4519pt>
File: figures/completeFrac/completeFrac_e_ua.png Graphic file (type png)

<use figures/completeFrac/completeFrac_e_ua.png>
<figures/completeFrac/completeFrac_c_ua.png, id=133, 578.16pt x 431.4519pt>
File: figures/completeFrac/completeFrac_c_ua.png Graphic file (type png)

<use figures/completeFrac/completeFrac_c_ua.png>
<figures/completeFrac/completeFrac_u_ua.png, id=135, 578.16pt x 431.4519pt>
File: figures/completeFrac/completeFrac_u_ua.png Graphic file (type png)

<use figures/completeFrac/completeFrac_u_ua.png>
<figures/completeFrac/completeFrac_g_va.png, id=137, 578.16pt x 431.4519pt>
File: figures/completeFrac/completeFrac_g_va.png Graphic file (type png)

<use figures/completeFrac/completeFrac_g_va.png>
<figures/completeFrac/completeFrac_e_va.png, id=139, 578.16pt x 431.4519pt>
File: figures/completeFrac/completeFrac_e_va.png Graphic file (type png)

<use figures/completeFrac/completeFrac_e_va.png>
<figures/completeFrac/completeFrac_c_va.png, id=141, 578.16pt x 431.4519pt>
File: figures/completeFrac/completeFrac_c_va.png Graphic file (type png)

<use figures/completeFrac/completeFrac_c_va.png>
<figures/completeFrac/completeFrac_u_va.png, id=143, 578.16pt x 431.4519pt>
File: figures/completeFrac/completeFrac_u_va.png Graphic file (type png)

<use figures/completeFrac/completeFrac_u_va.png>
<figures/gammaDists/gamma_g.png, id=145, 578.16pt x 431.4519pt>
File: figures/gammaDists/gamma_g.png Graphic file (type png)

<use figures/gammaDists/gamma_g.png>
<figures/gammaDists/gamma_e.png, id=147, 578.16pt x 431.4519pt>
File: figures/gammaDists/gamma_e.png Graphic file (type png)

<use figures/gammaDists/gamma_e.png>
<figures/gammaDists/gamma_u.png, id=149, 578.16pt x 431.4519pt>
File: figures/gammaDists/gamma_u.png Graphic file (type png)

<use figures/gammaDists/gamma_u.png>
<figures/gammaDists/gamma_c.png, id=151, 578.16pt x 431.4519pt>
File: figures/gammaDists/gamma_c.png Graphic file (type png)

<use figures/gammaDists/gamma_c.png>
(C:\fletcher-thesis\pami\QuantumSynapticAnnealing.bbl [8 <C:/fletcher-thesis/pa
mi/figures/gammaDists/gamma_g.png> <C:/fletcher-thesis/pami/figures/gammaDists/
gamma_e.png>] [9 <C:/fletcher-thesis/pami/figures/completeFrac/completeFrac_g_i
.png> <C:/fletcher-thesis/pami/figures/completeFrac/completeFrac_e_i.png> <C:/f
letcher-thesis/pami/figures/completeFrac/completeFrac_c_i.png> <C:/fletcher-the
sis/pami/figures/completeFrac/completeFrac_u_i.png> <C:/fletcher-thesis/pami/fi
gures/completeFrac/completeFrac_g_ua.png> <C:/fletcher-thesis/pami/figures/comp
leteFrac/completeFrac_e_ua.png> <C:/fletcher-thesis/pami/figures/completeFrac/c
ompleteFrac_c_ua.png> <C:/fletcher-thesis/pami/figures/completeFrac/completeFra
c_u_ua.png> <C:/fletcher-thesis/pami/figures/completeFrac/completeFrac_g_va.png
> <C:/fletcher-thesis/pami/figures/completeFrac/completeFrac_e_va.png> <C:/flet
cher-thesis/pami/figures/completeFrac/completeFrac_c_va.png> <C:/fletcher-thesi
s/pami/figures/completeFrac/completeFrac_u_va.png> <C:/fletcher-thesis/pami/fig
ures/gammaDists/gamma_u.png> <C:/fletcher-thesis/pami/figures/gammaDists/gamma_
c.png>]
** WARNING: IEEEtran.bst: No hyphenation pattern has been
** loaded for the language `English'. Using the pattern for
** the default language instead.
** WARNING: IEEEtran.bst: No hyphenation pattern has been
** loaded for the language `English'. Using the pattern for
** the default language instead.

Underfull \hbox (badness 2726) in paragraph at lines 82--87
\OT1/ppl/m/n/8 able: http://www.sciencedirect.com/science/article/B6TVG-
 []

) [10] (C:\fletcher-thesis\pami\QuantumSynapticAnnealing.aux)

LaTeX Warning: There were multiply-defined labels.

 ) 
Here is how much of TeX's memory you used:
 4534 strings out of 494053
 69942 string characters out of 3146188
 127577 words of memory out of 3000000
 7675 multiletter control sequences out of 15000+200000
 55003 words of font info for 127 fonts, out of 3000000 for 9000
 715 hyphenation exceptions out of 8191
 41i,15n,28p,1745b,473s stack positions out of 5000i,500n,10000p,200000b,50000s
{C:/Program Files (x86)/MiKTeX 2.9/fonts/enc/dvips/fontname/8r.enc}<C:/Progra
m Files (x86)/MiKTeX 2.9/fonts/type1/public/amsfonts/cm/cmbsy10.pfb><C:/Program
 Files (x86)/MiKTeX 2.9/fonts/type1/public/amsfonts/cmextra/cmbsy7.pfb><C:/Prog
ram Files (x86)/MiKTeX 2.9/fonts/type1/public/amsfonts/cm/cmex10.pfb><C:/Progra
m Files (x86)/MiKTeX 2.9/fonts/type1/public/amsfonts/cm/cmmi10.pfb><C:/Program 
Files (x86)/MiKTeX 2.9/fonts/type1/public/amsfonts/cm/cmmi5.pfb><C:/Program Fil
es (x86)/MiKTeX 2.9/fonts/type1/public/amsfonts/cm/cmmi7.pfb><C:/Program Files 
(x86)/MiKTeX 2.9/fonts/type1/public/amsfonts/cm/cmmib10.pfb><C:/Program Files (
x86)/MiKTeX 2.9/fonts/type1/public/amsfonts/cmextra/cmmib7.pfb><C:/Program File
s (x86)/MiKTeX 2.9/fonts/type1/public/amsfonts/cm/cmr10.pfb><C:/Program Files (
x86)/MiKTeX 2.9/fonts/type1/public/amsfonts/cm/cmr5.pfb><C:/Program Files (x86)
/MiKTeX 2.9/fonts/type1/public/amsfonts/cm/cmr7.pfb><C:/Program Files (x86)/MiK
TeX 2.9/fonts/type1/public/amsfonts/cm/cmsy10.pfb><C:/Program Files (x86)/MiKTe
X 2.9/fonts/type1/public/amsfonts/cm/cmsy5.pfb><C:/Program Files (x86)/MiKTeX 2
.9/fonts/type1/public/amsfonts/cm/cmsy7.pfb><C:/Program Files (x86)/MiKTeX 2.9/
fonts/type1/public/amsfonts/cm/cmsy8.pfb><C:/Program Files (x86)/MiKTeX 2.9/fon
ts/type1/public/amsfonts/cm/cmti10.pfb><C:/Program Files (x86)/MiKTeX 2.9/fonts
/type1/public/amsfonts/symbols/msbm10.pfb><C:/Program Files (x86)/MiKTeX 2.9/fo
nts/type1/urw/helvetic/uhvb8a.pfb><C:/Program Files (x86)/MiKTeX 2.9/fonts/type
1/urw/helvetic/uhvr8a.pfb><C:/Program Files (x86)/MiKTeX 2.9/fonts/type1/urw/he
lvetic/uhvro8a.pfb><C:/Program Files (x86)/MiKTeX 2.9/fonts/type1/urw/palatino/
uplb8a.pfb><C:/Program Files (x86)/MiKTeX 2.9/fonts/type1/urw/palatino/uplr8a.p
fb><C:/Program Files (x86)/MiKTeX 2.9/fonts/type1/urw/palatino/uplri8a.pfb><C:/
Program Files (x86)/MiKTeX 2.9/fonts/type1/urw/zapfding/uzdr.pfb>
Output written on QuantumSynapticAnnealing.pdf (10 pages, 1891083 bytes).
PDF statistics:
 269 PDF objects out of 1000 (max. 8388607)
 0 named destinations out of 1000 (max. 500000)
 339 words of extra memory for PDF output out of 10000 (max. 10000000)

