This is pdfTeX, Version 3.1415926-2.4-1.40.13 (MiKTeX 2.9) (preloaded format=pdflatex 2015.4.9)  20 FEB 2016 20:59
entering extended mode
**usethesis.tex
("C:\mscs-thesis\thesis\doc\AFIT LaTeX\usethesis.tex"
LaTeX2e <2011/06/27>
Babel <v3.8m> and hyphenation patterns for english, afrikaans, ancientgreek, ar
abic, armenian, assamese, basque, bengali, bokmal, bulgarian, catalan, coptic, 
croatian, czech, danish, dutch, esperanto, estonian, farsi, finnish, french, ga
lician, german, german-x-2012-05-30, greek, gujarati, hindi, hungarian, iceland
ic, indonesian, interlingua, irish, italian, kannada, kurmanji, latin, latvian,
 lithuanian, malayalam, marathi, mongolian, mongolianlmc, monogreek, ngerman, n
german-x-2012-05-30, nynorsk, oriya, panjabi, pinyin, polish, portuguese, roman
ian, russian, sanskrit, serbian, slovak, slovenian, spanish, swedish, swissgerm
an, tamil, telugu, turkish, turkmen, ukenglish, ukrainian, uppersorbian, usengl
ishmax, welsh, loaded.
("C:\mscs-thesis\thesis\doc\AFIT LaTeX\afthesis.cls"
Document Class: afthesis 1996/12/14 v2.7 -- AFIT THESIS STYLE
by Joel Young adapted from work by Mark Roth
("C:\Program Files (x86)\MiKTeX 2.9\tex\latex\base\report.cls"
Document Class: report 2007/10/19 v1.4h Standard LaTeX document class
("C:\Program Files (x86)\MiKTeX 2.9\tex\latex\base\size11.clo"
File: size11.clo 2007/10/19 v1.4h Standard LaTeX file (size option)
)
\c@part=\count79
\c@chapter=\count80
\c@section=\count81
\c@subsection=\count82
\c@subsubsection=\count83
\c@paragraph=\count84
\c@subparagraph=\count85
\c@figure=\count86
\c@table=\count87
\abovecaptionskip=\skip41
\belowcaptionskip=\skip42
\bibindent=\dimen102
)
("C:\Program Files (x86)\MiKTeX 2.9\tex\latex\caption\caption2.sty"
Package: caption2 2013/02/03 v2.2-62 Customising captions (AR)


Package caption2 Warning: ****************************************************
(caption2)                THIS PACKAGE IS OBSOLETE:
(caption2)                This package attempts to provide an `caption2'
(caption2)                package v2.0/2.1 author environment so that OLD
(caption2)                documents can be successfully processed. It should
(caption2)                NOT be used for NEW documents! New documents should
(caption2)                use the regular `caption' package v3.x instead.
(caption2)                ****************************************************

("C:\Program Files (x86)\MiKTeX 2.9\tex\latex\caption\caption3.sty"
Package: caption3 2013/05/02 v1.6-88 caption3 kernel (AR)
Package caption3 Info: TeX engine: e-TeX on input line 57.

("C:\Program Files (x86)\MiKTeX 2.9\tex\latex\graphics\keyval.sty"
Package: keyval 1999/03/16 v1.13 key=value parser (DPC)
\KV@toks@=\toks14
)
\captionmargin=\dimen103
\captionmargin@=\dimen104
\captionwidth=\dimen105
\caption@tempdima=\dimen106
\caption@indent=\dimen107
\caption@parindent=\dimen108
\caption@hangindent=\dimen109
)
Package caption2 Info: Running in caption2 v2.0 compatibility mode on input lin
e 215.
\captionlinewidth=\dimen110
\realcaptionwidth=\dimen111
)
("C:\mscs-thesis\thesis\doc\AFIT LaTeX\afthes11.sty"))
("C:\Program Files (x86)\MiKTeX 2.9\tex\latex\amsmath\amsmath.sty"
Package: amsmath 2013/01/14 v2.14 AMS math features
\@mathmargin=\skip43

For additional information on amsmath, use the `?' option.
("C:\Program Files (x86)\MiKTeX 2.9\tex\latex\amsmath\amstext.sty"
Package: amstext 2000/06/29 v2.01

("C:\Program Files (x86)\MiKTeX 2.9\tex\latex\amsmath\amsgen.sty"
File: amsgen.sty 1999/11/30 v2.0
\@emptytoks=\toks15
\ex@=\dimen112
))
("C:\Program Files (x86)\MiKTeX 2.9\tex\latex\amsmath\amsbsy.sty"
Package: amsbsy 1999/11/29 v1.2d
\pmbraise@=\dimen113
)
("C:\Program Files (x86)\MiKTeX 2.9\tex\latex\amsmath\amsopn.sty"
Package: amsopn 1999/12/14 v2.01 operator names
)
\inf@bad=\count88
LaTeX Info: Redefining \frac on input line 210.
\uproot@=\count89
\leftroot@=\count90
LaTeX Info: Redefining \overline on input line 306.
\classnum@=\count91
\DOTSCASE@=\count92
LaTeX Info: Redefining \ldots on input line 378.
LaTeX Info: Redefining \dots on input line 381.
LaTeX Info: Redefining \cdots on input line 466.
\Mathstrutbox@=\box26
\strutbox@=\box27
\big@size=\dimen114
LaTeX Font Info:    Redeclaring font encoding OML on input line 566.
LaTeX Font Info:    Redeclaring font encoding OMS on input line 567.
\macc@depth=\count93
\c@MaxMatrixCols=\count94
\dotsspace@=\muskip10
\c@parentequation=\count95
\dspbrk@lvl=\count96
\tag@help=\toks16
\row@=\count97
\column@=\count98
\maxfields@=\count99
\andhelp@=\toks17
\eqnshift@=\dimen115
\alignsep@=\dimen116
\tagshift@=\dimen117
\tagwidth@=\dimen118
\totwidth@=\dimen119
\lineht@=\dimen120
\@envbody=\toks18
\multlinegap=\skip44
\multlinetaggap=\skip45
\mathdisplay@stack=\toks19
LaTeX Info: Redefining \[ on input line 2665.
LaTeX Info: Redefining \] on input line 2666.
)
("C:\Program Files (x86)\MiKTeX 2.9\tex\latex\graphics\epsfig.sty"
Package: epsfig 1999/02/16 v1.7a (e)psfig emulation (SPQR)

("C:\Program Files (x86)\MiKTeX 2.9\tex\latex\graphics\graphicx.sty"
Package: graphicx 1999/02/16 v1.0f Enhanced LaTeX Graphics (DPC,SPQR)

("C:\Program Files (x86)\MiKTeX 2.9\tex\latex\graphics\graphics.sty"
Package: graphics 2009/02/05 v1.0o Standard LaTeX Graphics (DPC,SPQR)

("C:\Program Files (x86)\MiKTeX 2.9\tex\latex\graphics\trig.sty"
Package: trig 1999/03/16 v1.09 sin cos tan (DPC)
)
("C:\Program Files (x86)\MiKTeX 2.9\tex\latex\00miktex\graphics.cfg"
File: graphics.cfg 2007/01/18 v1.5 graphics configuration of teTeX/TeXLive
)
Package graphics Info: Driver file: pdftex.def on input line 91.

("C:\Program Files (x86)\MiKTeX 2.9\tex\latex\pdftex-def\pdftex.def"
File: pdftex.def 2011/05/27 v0.06d Graphics/color for pdfTeX

("C:\Program Files (x86)\MiKTeX 2.9\tex\generic\oberdiek\infwarerr.sty"
Package: infwarerr 2010/04/08 v1.3 Providing info/warning/error messages (HO)
)
("C:\Program Files (x86)\MiKTeX 2.9\tex\generic\oberdiek\ltxcmds.sty"
Package: ltxcmds 2011/11/09 v1.22 LaTeX kernel commands for general use (HO)
)
\Gread@gobject=\count100
))
\Gin@req@height=\dimen121
\Gin@req@width=\dimen122
)
\epsfxsize=\dimen123
\epsfysize=\dimen124
)
("C:\Program Files (x86)\MiKTeX 2.9\tex\latex\oberdiek\epstopdf.sty"
Package: epstopdf 2010/02/09 v2.5 Conversion with epstopdf on the fly (HO)

("C:\Program Files (x86)\MiKTeX 2.9\tex\latex\oberdiek\epstopdf-base.sty"
Package: epstopdf-base 2010/02/09 v2.5 Base part for package epstopdf

("C:\Program Files (x86)\MiKTeX 2.9\tex\latex\oberdiek\grfext.sty"
Package: grfext 2010/08/19 v1.1 Manage graphics extensions (HO)

("C:\Program Files (x86)\MiKTeX 2.9\tex\generic\oberdiek\kvdefinekeys.sty"
Package: kvdefinekeys 2011/04/07 v1.3 Define keys (HO)
))
("C:\Program Files (x86)\MiKTeX 2.9\tex\latex\oberdiek\kvoptions.sty"
Package: kvoptions 2011/06/30 v3.11 Key value format for package options (HO)

("C:\Program Files (x86)\MiKTeX 2.9\tex\generic\oberdiek\kvsetkeys.sty"
Package: kvsetkeys 2012/04/25 v1.16 Key value parser (HO)

("C:\Program Files (x86)\MiKTeX 2.9\tex\generic\oberdiek\etexcmds.sty"
Package: etexcmds 2011/02/16 v1.5 Avoid name clashes with e-TeX commands (HO)

("C:\Program Files (x86)\MiKTeX 2.9\tex\generic\oberdiek\ifluatex.sty"
Package: ifluatex 2010/03/01 v1.3 Provides the ifluatex switch (HO)
Package ifluatex Info: LuaTeX not detected.
)
Package etexcmds Info: Could not find \expanded.
(etexcmds)             That can mean that you are not using pdfTeX 1.50 or
(etexcmds)             that some package has redefined \expanded.
(etexcmds)             In the latter case, load this package earlier.
)))
("C:\Program Files (x86)\MiKTeX 2.9\tex\generic\oberdiek\pdftexcmds.sty"
Package: pdftexcmds 2011/11/29 v0.20 Utility functions of pdfTeX for LuaTeX (HO
)

("C:\Program Files (x86)\MiKTeX 2.9\tex\generic\oberdiek\ifpdf.sty"
Package: ifpdf 2011/01/30 v2.3 Provides the ifpdf switch (HO)
Package ifpdf Info: pdfTeX in PDF mode is detected.
)
Package pdftexcmds Info: LuaTeX not detected.
Package pdftexcmds Info: \pdf@primitive is available.
Package pdftexcmds Info: \pdf@ifprimitive is available.
Package pdftexcmds Info: \pdfdraftmode found.
)
Package grfext Info: Graphics extension search list:
(grfext)             [.png,.pdf,.jpg,.mps,.jpeg,.jbig2,.jb2,.PNG,.PDF,.JPG,.JPE
G,.JBIG2,.JB2,.eps]
(grfext)             \AppendGraphicsExtensions on input line 452.
))
("C:\Program Files (x86)\MiKTeX 2.9\tex\latex\algorithms\algorithmic.sty"
Package: algorithmic 2009/08/24 v0.1 Document Style `algorithmic'

("C:\Program Files (x86)\MiKTeX 2.9\tex\latex\base\ifthen.sty"
Package: ifthen 2001/05/26 v1.1c Standard LaTeX ifthen package (DPC)
)
\c@ALC@unique=\count101
\c@ALC@line=\count102
\c@ALC@rem=\count103
\c@ALC@depth=\count104
\ALC@tlm=\skip46
\algorithmicindent=\skip47
)
("C:\Program Files (x86)\MiKTeX 2.9\tex\latex\algorithms\algorithm.sty"
Package: algorithm 2009/08/24 v0.1 Document Style `algorithm' - floating enviro
nment

("C:\Program Files (x86)\MiKTeX 2.9\tex\latex\float\float.sty"
Package: float 2001/11/08 v1.3d Float enhancements (AL)
\c@float@type=\count105
\float@exts=\toks20
\float@box=\box28
\@float@everytoks=\toks21
\@floatcapt=\box29
)
\@float@every@algorithm=\toks22
\c@algorithm=\count106
)
("C:\Program Files (x86)\MiKTeX 2.9\tex\latex\amsfonts\amsfonts.sty"
Package: amsfonts 2013/01/14 v3.01 Basic AMSFonts support
\symAMSa=\mathgroup4
\symAMSb=\mathgroup5
LaTeX Font Info:    Overwriting math alphabet `\mathfrak' in version `bold'
(Font)                  U/euf/m/n --> U/euf/b/n on input line 106.
)
("C:\Program Files (x86)\MiKTeX 2.9\tex\latex\mathtools\mathtools.sty"
Package: mathtools 2015/05/11 v1.16 mathematical typesetting tools

("C:\Program Files (x86)\MiKTeX 2.9\tex\latex\tools\calc.sty"
Package: calc 2007/08/22 v4.3 Infix arithmetic (KKT,FJ)
\calc@Acount=\count107
\calc@Bcount=\count108
\calc@Adimen=\dimen125
\calc@Bdimen=\dimen126
\calc@Askip=\skip48
\calc@Bskip=\skip49
LaTeX Info: Redefining \setlength on input line 76.
LaTeX Info: Redefining \addtolength on input line 77.
\calc@Ccount=\count109
\calc@Cskip=\skip50
)
("C:\Program Files (x86)\MiKTeX 2.9\tex\latex\mathtools\mhsetup.sty"
Package: mhsetup 2010/01/21 v1.2a programming setup (MH)
)
LaTeX Info: Thecontrolsequence`\['isalreadyrobust on input line 129.
LaTeX Info: Thecontrolsequence`\]'isalreadyrobust on input line 129.
\g_MT_multlinerow_int=\count110
\l_MT_multwidth_dim=\dimen127
\origjot=\skip51
\l_MT_shortvdotswithinadjustabove_dim=\dimen128
\l_MT_shortvdotswithinadjustbelow_dim=\dimen129
\l_MT_above_intertext_sep=\dimen130
\l_MT_below_intertext_sep=\dimen131
\l_MT_above_shortintertext_sep=\dimen132
\l_MT_below_shortintertext_sep=\dimen133
)
("C:\Program Files (x86)\MiKTeX 2.9\tex\latex\was\upgreek.sty"
Package: upgreek 2003/02/12 v2.0 (WaS)
Package upgreek Info: Using Euler Roman for upright Greek on input line 31.
\symugrf@m=\mathgroup6
LaTeX Font Info:    Overwriting symbol font `ugrf@m' in version `bold'
(Font)                  U/eur/m/n --> U/eur/b/n on input line 38.
)
("C:\Program Files (x86)\MiKTeX 2.9\tex\latex\pgf\frontendlayer\tikz.sty"
("C:\Program Files (x86)\MiKTeX 2.9\tex\latex\pgf\basiclayer\pgf.sty"
("C:\Program Files (x86)\MiKTeX 2.9\tex\latex\pgf\utilities\pgfrcs.sty"
("C:\Program Files (x86)\MiKTeX 2.9\tex\generic\pgf\utilities\pgfutil-common.te
x"
\pgfutil@everybye=\toks23
\pgfutil@tempdima=\dimen134
\pgfutil@tempdimb=\dimen135

("C:\Program Files (x86)\MiKTeX 2.9\tex\generic\pgf\utilities\pgfutil-common-li
sts.tex"))
("C:\Program Files (x86)\MiKTeX 2.9\tex\generic\pgf\utilities\pgfutil-latex.def
"
\pgfutil@abb=\box30
 ("C:\Program Files (x86)\MiKTeX 2.9\tex\latex\ms\everyshi.sty"
Package: everyshi 2001/05/15 v3.00 EveryShipout Package (MS)
))
("C:\Program Files (x86)\MiKTeX 2.9\tex\generic\pgf\utilities\pgfrcs.code.tex"
Package: pgfrcs 2013/12/20 v3.0.0 (rcs-revision 1.28)
))
Package: pgf 2013/12/18 v3.0.0 (rcs-revision 1.14)
 ("C:\Program Files (x86)\MiKTeX 2.9\tex\latex\pgf\basiclayer\pgfcore.sty"
("C:\Program Files (x86)\MiKTeX 2.9\tex\latex\pgf\systemlayer\pgfsys.sty"
("C:\Program Files (x86)\MiKTeX 2.9\tex\generic\pgf\systemlayer\pgfsys.code.tex
"
Package: pgfsys 2013/11/30 v3.0.0 (rcs-revision 1.47)
 ("C:\Program Files (x86)\MiKTeX 2.9\tex\generic\pgf\utilities\pgfkeys.code.tex
"
\pgfkeys@pathtoks=\toks24
\pgfkeys@temptoks=\toks25

("C:\Program Files (x86)\MiKTeX 2.9\tex\generic\pgf\utilities\pgfkeysfiltered.c
ode.tex"
\pgfkeys@tmptoks=\toks26
))
\pgf@x=\dimen136
\pgf@y=\dimen137
\pgf@xa=\dimen138
\pgf@ya=\dimen139
\pgf@xb=\dimen140
\pgf@yb=\dimen141
\pgf@xc=\dimen142
\pgf@yc=\dimen143
\w@pgf@writea=\write3
\r@pgf@reada=\read1
\c@pgf@counta=\count111
\c@pgf@countb=\count112
\c@pgf@countc=\count113
\c@pgf@countd=\count114
\t@pgf@toka=\toks27
\t@pgf@tokb=\toks28
\t@pgf@tokc=\toks29

("C:\Program Files (x86)\MiKTeX 2.9\tex\generic\pgf\systemlayer\pgf.cfg"
File: pgf.cfg 2008/05/14  (rcs-revision 1.7)
)
Driver file for pgf: pgfsys-pdftex.def

("C:\Program Files (x86)\MiKTeX 2.9\tex\generic\pgf\systemlayer\pgfsys-pdftex.d
ef"
File: pgfsys-pdftex.def 2013/07/18  (rcs-revision 1.33)

("C:\Program Files (x86)\MiKTeX 2.9\tex\generic\pgf\systemlayer\pgfsys-common-p
df.def"
File: pgfsys-common-pdf.def 2013/10/10  (rcs-revision 1.13)
)))
("C:\Program Files (x86)\MiKTeX 2.9\tex\generic\pgf\systemlayer\pgfsyssoftpath.
code.tex"
File: pgfsyssoftpath.code.tex 2013/09/09  (rcs-revision 1.9)
\pgfsyssoftpath@smallbuffer@items=\count115
\pgfsyssoftpath@bigbuffer@items=\count116
)
("C:\Program Files (x86)\MiKTeX 2.9\tex\generic\pgf\systemlayer\pgfsysprotocol.
code.tex"
File: pgfsysprotocol.code.tex 2006/10/16  (rcs-revision 1.4)
)) ("C:\Program Files (x86)\MiKTeX 2.9\tex\latex\xcolor\xcolor.sty"
Package: xcolor 2007/01/21 v2.11 LaTeX color extensions (UK)

("C:\Program Files (x86)\MiKTeX 2.9\tex\latex\00miktex\color.cfg"
File: color.cfg 2007/01/18 v1.5 color configuration of teTeX/TeXLive
)
Package xcolor Info: Driver file: pdftex.def on input line 225.
Package xcolor Info: Model `cmy' substituted by `cmy0' on input line 1337.
Package xcolor Info: Model `hsb' substituted by `rgb' on input line 1341.
Package xcolor Info: Model `RGB' extended on input line 1353.
Package xcolor Info: Model `HTML' substituted by `rgb' on input line 1355.
Package xcolor Info: Model `Hsb' substituted by `hsb' on input line 1356.
Package xcolor Info: Model `tHsb' substituted by `hsb' on input line 1357.
Package xcolor Info: Model `HSB' substituted by `hsb' on input line 1358.
Package xcolor Info: Model `Gray' substituted by `gray' on input line 1359.
Package xcolor Info: Model `wave' substituted by `hsb' on input line 1360.
)
("C:\Program Files (x86)\MiKTeX 2.9\tex\generic\pgf\basiclayer\pgfcore.code.tex
"
Package: pgfcore 2010/04/11 v3.0.0 (rcs-revision 1.7)
 ("C:\Program Files (x86)\MiKTeX 2.9\tex\generic\pgf\math\pgfmath.code.tex"
("C:\Program Files (x86)\MiKTeX 2.9\tex\generic\pgf\math\pgfmathcalc.code.tex"
("C:\Program Files (x86)\MiKTeX 2.9\tex\generic\pgf\math\pgfmathutil.code.tex")
("C:\Program Files (x86)\MiKTeX 2.9\tex\generic\pgf\math\pgfmathparser.code.tex
"
\pgfmath@dimen=\dimen144
\pgfmath@count=\count117
\pgfmath@box=\box31
\pgfmath@toks=\toks30
\pgfmath@stack@operand=\toks31
\pgfmath@stack@operation=\toks32
)
("C:\Program Files (x86)\MiKTeX 2.9\tex\generic\pgf\math\pgfmathfunctions.code.
tex"
("C:\Program Files (x86)\MiKTeX 2.9\tex\generic\pgf\math\pgfmathfunctions.basic
.code.tex")
("C:\Program Files (x86)\MiKTeX 2.9\tex\generic\pgf\math\pgfmathfunctions.trigo
nometric.code.tex")
("C:\Program Files (x86)\MiKTeX 2.9\tex\generic\pgf\math\pgfmathfunctions.rando
m.code.tex")
("C:\Program Files (x86)\MiKTeX 2.9\tex\generic\pgf\math\pgfmathfunctions.compa
rison.code.tex")
("C:\Program Files (x86)\MiKTeX 2.9\tex\generic\pgf\math\pgfmathfunctions.base.
code.tex")
("C:\Program Files (x86)\MiKTeX 2.9\tex\generic\pgf\math\pgfmathfunctions.round
.code.tex")
("C:\Program Files (x86)\MiKTeX 2.9\tex\generic\pgf\math\pgfmathfunctions.misc.
code.tex")
("C:\Program Files (x86)\MiKTeX 2.9\tex\generic\pgf\math\pgfmathfunctions.integ
erarithmetics.code.tex")))
("C:\Program Files (x86)\MiKTeX 2.9\tex\generic\pgf\math\pgfmathfloat.code.tex"
\c@pgfmathroundto@lastzeros=\count118
))
("C:\Program Files (x86)\MiKTeX 2.9\tex\generic\pgf\basiclayer\pgfcorepoints.co
de.tex"
File: pgfcorepoints.code.tex 2013/10/07  (rcs-revision 1.27)
\pgf@picminx=\dimen145
\pgf@picmaxx=\dimen146
\pgf@picminy=\dimen147
\pgf@picmaxy=\dimen148
\pgf@pathminx=\dimen149
\pgf@pathmaxx=\dimen150
\pgf@pathminy=\dimen151
\pgf@pathmaxy=\dimen152
\pgf@xx=\dimen153
\pgf@xy=\dimen154
\pgf@yx=\dimen155
\pgf@yy=\dimen156
\pgf@zx=\dimen157
\pgf@zy=\dimen158
)
("C:\Program Files (x86)\MiKTeX 2.9\tex\generic\pgf\basiclayer\pgfcorepathconst
ruct.code.tex"
File: pgfcorepathconstruct.code.tex 2013/10/07  (rcs-revision 1.29)
\pgf@path@lastx=\dimen159
\pgf@path@lasty=\dimen160
)
("C:\Program Files (x86)\MiKTeX 2.9\tex\generic\pgf\basiclayer\pgfcorepathusage
.code.tex"
File: pgfcorepathusage.code.tex 2013/12/13  (rcs-revision 1.23)
\pgf@shorten@end@additional=\dimen161
\pgf@shorten@start@additional=\dimen162
)
("C:\Program Files (x86)\MiKTeX 2.9\tex\generic\pgf\basiclayer\pgfcorescopes.co
de.tex"
File: pgfcorescopes.code.tex 2013/10/09  (rcs-revision 1.44)
\pgfpic=\box32
\pgf@hbox=\box33
\pgf@layerbox@main=\box34
\pgf@picture@serial@count=\count119
)
("C:\Program Files (x86)\MiKTeX 2.9\tex\generic\pgf\basiclayer\pgfcoregraphicst
ate.code.tex"
File: pgfcoregraphicstate.code.tex 2013/09/19  (rcs-revision 1.11)
\pgflinewidth=\dimen163
)
("C:\Program Files (x86)\MiKTeX 2.9\tex\generic\pgf\basiclayer\pgfcoretransform
ations.code.tex"
File: pgfcoretransformations.code.tex 2013/10/10  (rcs-revision 1.17)
\pgf@pt@x=\dimen164
\pgf@pt@y=\dimen165
\pgf@pt@temp=\dimen166
)
("C:\Program Files (x86)\MiKTeX 2.9\tex\generic\pgf\basiclayer\pgfcorequick.cod
e.tex"
File: pgfcorequick.code.tex 2008/10/09  (rcs-revision 1.3)
)
("C:\Program Files (x86)\MiKTeX 2.9\tex\generic\pgf\basiclayer\pgfcoreobjects.c
ode.tex"
File: pgfcoreobjects.code.tex 2006/10/11  (rcs-revision 1.2)
)
("C:\Program Files (x86)\MiKTeX 2.9\tex\generic\pgf\basiclayer\pgfcorepathproce
ssing.code.tex"
File: pgfcorepathprocessing.code.tex 2013/09/09  (rcs-revision 1.9)
)
("C:\Program Files (x86)\MiKTeX 2.9\tex\generic\pgf\basiclayer\pgfcorearrows.co
de.tex"
File: pgfcorearrows.code.tex 2013/11/07  (rcs-revision 1.40)
\pgfarrowsep=\dimen167
)
("C:\Program Files (x86)\MiKTeX 2.9\tex\generic\pgf\basiclayer\pgfcoreshade.cod
e.tex"
File: pgfcoreshade.code.tex 2013/07/15  (rcs-revision 1.15)
\pgf@max=\dimen168
\pgf@sys@shading@range@num=\count120
)
("C:\Program Files (x86)\MiKTeX 2.9\tex\generic\pgf\basiclayer\pgfcoreimage.cod
e.tex"
File: pgfcoreimage.code.tex 2013/07/15  (rcs-revision 1.18)

("C:\Program Files (x86)\MiKTeX 2.9\tex\generic\pgf\basiclayer\pgfcoreexternal.
code.tex"
File: pgfcoreexternal.code.tex 2013/07/15  (rcs-revision 1.20)
\pgfexternal@startupbox=\box35
))
("C:\Program Files (x86)\MiKTeX 2.9\tex\generic\pgf\basiclayer\pgfcorelayers.co
de.tex"
File: pgfcorelayers.code.tex 2013/07/18  (rcs-revision 1.7)
)
("C:\Program Files (x86)\MiKTeX 2.9\tex\generic\pgf\basiclayer\pgfcoretranspare
ncy.code.tex"
File: pgfcoretransparency.code.tex 2013/09/30  (rcs-revision 1.5)
)
("C:\Program Files (x86)\MiKTeX 2.9\tex\generic\pgf\basiclayer\pgfcorepatterns.
code.tex"
File: pgfcorepatterns.code.tex 2013/11/07  (rcs-revision 1.5)
)))
("C:\Program Files (x86)\MiKTeX 2.9\tex\generic\pgf\modules\pgfmoduleshapes.cod
e.tex"
File: pgfmoduleshapes.code.tex 2013/10/31  (rcs-revision 1.34)
\pgfnodeparttextbox=\box36
)
("C:\Program Files (x86)\MiKTeX 2.9\tex\generic\pgf\modules\pgfmoduleplot.code.
tex"
File: pgfmoduleplot.code.tex 2013/07/31  (rcs-revision 1.12)
)
("C:\Program Files (x86)\MiKTeX 2.9\tex\latex\pgf\compatibility\pgfcomp-version
-0-65.sty"
Package: pgfcomp-version-0-65 2007/07/03 v3.0.0 (rcs-revision 1.7)
\pgf@nodesepstart=\dimen169
\pgf@nodesepend=\dimen170
)
("C:\Program Files (x86)\MiKTeX 2.9\tex\latex\pgf\compatibility\pgfcomp-version
-1-18.sty"
Package: pgfcomp-version-1-18 2007/07/23 v3.0.0 (rcs-revision 1.1)
))
("C:\Program Files (x86)\MiKTeX 2.9\tex\latex\pgf\utilities\pgffor.sty"
("C:\Program Files (x86)\MiKTeX 2.9\tex\latex\pgf\utilities\pgfkeys.sty"
("C:\Program Files (x86)\MiKTeX 2.9\tex\generic\pgf\utilities\pgfkeys.code.tex"
)) ("C:\Program Files (x86)\MiKTeX 2.9\tex\latex\pgf\math\pgfmath.sty"
("C:\Program Files (x86)\MiKTeX 2.9\tex\generic\pgf\math\pgfmath.code.tex"))
("C:\Program Files (x86)\MiKTeX 2.9\tex\generic\pgf\utilities\pgffor.code.tex"
Package: pgffor 2013/12/13 v3.0.0 (rcs-revision 1.25)

("C:\Program Files (x86)\MiKTeX 2.9\tex\generic\pgf\math\pgfmath.code.tex")
\pgffor@iter=\dimen171
\pgffor@skip=\dimen172
\pgffor@stack=\toks33
\pgffor@toks=\toks34
))
("C:\Program Files (x86)\MiKTeX 2.9\tex\generic\pgf\frontendlayer\tikz\tikz.cod
e.tex"
Package: tikz 2013/12/13 v3.0.0 (rcs-revision 1.142)

("C:\Program Files (x86)\MiKTeX 2.9\tex\generic\pgf\libraries\pgflibraryplothan
dlers.code.tex"
File: pgflibraryplothandlers.code.tex 2013/08/31 v3.0.0 (rcs-revision 1.20)
\pgf@plot@mark@count=\count121
\pgfplotmarksize=\dimen173
)
\tikz@lastx=\dimen174
\tikz@lasty=\dimen175
\tikz@lastxsaved=\dimen176
\tikz@lastysaved=\dimen177
\tikzleveldistance=\dimen178
\tikzsiblingdistance=\dimen179
\tikz@figbox=\box37
\tikz@figbox@bg=\box38
\tikz@tempbox=\box39
\tikz@tempbox@bg=\box40
\tikztreelevel=\count122
\tikznumberofchildren=\count123
\tikznumberofcurrentchild=\count124
\tikz@fig@count=\count125

("C:\Program Files (x86)\MiKTeX 2.9\tex\generic\pgf\modules\pgfmodulematrix.cod
e.tex"
File: pgfmodulematrix.code.tex 2013/09/17  (rcs-revision 1.8)
\pgfmatrixcurrentrow=\count126
\pgfmatrixcurrentcolumn=\count127
\pgf@matrix@numberofcolumns=\count128
)
\tikz@expandcount=\count129

("C:\Program Files (x86)\MiKTeX 2.9\tex\generic\pgf\frontendlayer\tikz\librarie
s\tikzlibrarytopaths.code.tex"
File: tikzlibrarytopaths.code.tex 2008/06/17 v3.0.0 (rcs-revision 1.2)
)))
("C:\Program Files (x86)\MiKTeX 2.9\tex\latex\tools\verbatim.sty"
Package: verbatim 2003/08/22 v1.5q LaTeX2e package for verbatim enhancements
\every@verbatim=\toks35
\verbatim@line=\toks36
\verbatim@in@stream=\read2
)
("C:\mscs-thesis\thesis\doc\AFIT LaTeX\usethesis.aux"

LaTeX Warning: Label `block1b' multiply defined.


LaTeX Warning: Label `block1b' multiply defined.


LaTeX Warning: Label `block1b' multiply defined.


LaTeX Warning: Label `block1b' multiply defined.

)
LaTeX Font Info:    Checking defaults for OML/cmm/m/it on input line 202.
LaTeX Font Info:    ... okay on input line 202.
LaTeX Font Info:    Checking defaults for T1/cmr/m/n on input line 202.
LaTeX Font Info:    ... okay on input line 202.
LaTeX Font Info:    Checking defaults for OT1/cmr/m/n on input line 202.
LaTeX Font Info:    ... okay on input line 202.
LaTeX Font Info:    Checking defaults for OMS/cmsy/m/n on input line 202.
LaTeX Font Info:    ... okay on input line 202.
LaTeX Font Info:    Checking defaults for OMX/cmex/m/n on input line 202.
LaTeX Font Info:    ... okay on input line 202.
LaTeX Font Info:    Checking defaults for U/cmr/m/n on input line 202.
LaTeX Font Info:    ... okay on input line 202.
Package caption Info: Begin \AtBeginDocument code.
Package caption Info: End \AtBeginDocument code.
 ("C:\Program Files (x86)\MiKTeX 2.9\tex\context\base\supp-pdf.mkii"
[Loading MPS to PDF converter (version 2006.09.02).]
\scratchcounter=\count130
\scratchdimen=\dimen180
\scratchbox=\box41
\nofMPsegments=\count131
\nofMParguments=\count132
\everyMPshowfont=\toks37
\MPscratchCnt=\count133
\MPscratchDim=\dimen181
\MPnumerator=\count134
\makeMPintoPDFobject=\count135
\everyMPtoPDFconversion=\toks38
) ABD: EveryShipout initializing macros

Fly Leaf.
[1


{C:/ProgramData/MiKTeX/2.9/pdftex/config/pdftex.map}]

Disclaimer Page.
[2]

Title Page.
[1]

Approval Page.
[2]

Preface.
[3

]

Table of Contents.
("C:\mscs-thesis\thesis\doc\AFIT LaTeX\usethesis.toc"
LaTeX Font Info:    Try loading font information for U+msa on input line 1.

("C:\Program Files (x86)\MiKTeX 2.9\tex\latex\amsfonts\umsa.fd"
File: umsa.fd 2013/01/14 v3.01 AMS symbols A
)
LaTeX Font Info:    Try loading font information for U+msb on input line 1.

("C:\Program Files (x86)\MiKTeX 2.9\tex\latex\amsfonts\umsb.fd"
File: umsb.fd 2013/01/14 v3.01 AMS symbols B
) [4

]
Overfull \hbox (3.72333pt too wide) in paragraph at lines 43--43
 [][] []\OT1/cmr/m/n/10.95 Gaussian Neigh-bor-hood Func-tion Weight Space Trave
r- 
 []


Overfull \hbox (11.23508pt too wide) in paragraph at lines 46--46
 [][] []\OT1/cmr/m/n/10.95 Weight-Anisotropic GSA Neigh-bor-hood Func-tion Weig
ht 
 []

[5])
\tf@toc=\write4
 [6]

List of Figures.
("C:\mscs-thesis\thesis\doc\AFIT LaTeX\usethesis.lof" [7

] [8] [9])
\tf@lof=\write5
 [10]

List of Tables.
("C:\mscs-thesis\thesis\doc\AFIT LaTeX\usethesis.lot")
\tf@lot=\write6
 [11

]

List of Symbols.
("C:\mscs-thesis\thesis\doc\AFIT LaTeX\usethesis.los")
\tf@los=\write7
 [12

]

List of Abbreviations.
("C:\mscs-thesis\thesis\doc\AFIT LaTeX\usethesis.loa")
\tf@loa=\write8
 [13

]

Abstract.
[14

]

Chapter 1.
[1

]

Chapter 2.
[1

] [2]
Missing character: There is no ; in font nullfont!
Missing character: There is no ; in font nullfont!
Missing character: There is no ; in font nullfont!
 [3] [4] [5] [6] [7] [8] [9] [10] [11] [12]
LaTeX Font Info:    Try loading font information for OMS+cmr on input line 522.


("C:\Program Files (x86)\MiKTeX 2.9\tex\latex\base\omscmr.fd"
File: omscmr.fd 1999/05/25 v2.5h Standard LaTeX font definitions
)
LaTeX Font Info:    Font shape `OMS/cmr/m/n' in size <10.95> not available
(Font)              Font shape `OMS/cmsy/m/n' tried instead on input line 522.
 [13]
Package epstopdf Info: Source file: <figures/tunneling_ex.eps>
(epstopdf)                    date: 2015-12-29 09:35:52
(epstopdf)                    size: 112596 bytes
(epstopdf)             Output file: <figures/tunneling_ex-eps-converted-to.pdf>

(epstopdf)                    date: 2015-12-29 09:35:52
(epstopdf)                    size: 32004 bytes
(epstopdf)             Command: <epstopdf --outfile=figures/tunneling_ex-eps-co
nverted-to.pdf figures/tunneling_ex.eps>
(epstopdf)             \includegraphics on input line 563.
Package epstopdf Info: Output file is already uptodate.

<figures/tunneling_ex-eps-converted-to.pdf, id=118, 836.12375pt x 777.90625pt>
File: figures/tunneling_ex-eps-converted-to.pdf Graphic file (type pdf)

<use figures/tunneling_ex-eps-converted-to.pdf>
Package pdftex.def Info: figures/tunneling_ex-eps-converted-to.pdf used on inpu
t line 563.
(pdftex.def)             Requested size: 231.26378pt x 215.15341pt.
 [14] [15 <C:/mscs-thesis/thesis/doc/AFIT LaTeX/figures/tunneling_ex-eps-conver
ted-to.pdf>]

Chapter 3.
[1

] [2]
Package epstopdf Info: Source file: <figures/quantum_advantage_a.eps>
(epstopdf)                    date: 2015-12-29 09:35:52
(epstopdf)                    size: 146455 bytes
(epstopdf)             Output file: <figures/quantum_advantage_a-eps-converted-
to.pdf>
(epstopdf)                    date: 2015-12-29 09:35:52
(epstopdf)                    size: 43103 bytes
(epstopdf)             Command: <epstopdf --outfile=figures/quantum_advantage_a
-eps-converted-to.pdf figures/quantum_advantage_a.eps>
(epstopdf)             \includegraphics on input line 642.
Package epstopdf Info: Output file is already uptodate.

<figures/quantum_advantage_a-eps-converted-to.pdf, id=136, 932.48375pt x 863.22
5pt>
File: figures/quantum_advantage_a-eps-converted-to.pdf Graphic file (type pdf)
 <use figures/quantum_advantage_a-eps-converted-to.pdf>
Package pdftex.def Info: figures/quantum_advantage_a-eps-converted-to.pdf used 
on input line 642.
(pdftex.def)             Requested size: 199.16928pt x 184.37796pt.
Package epstopdf Info: Source file: <figures/quantum_advantage_b.eps>
(epstopdf)                    date: 2015-12-29 09:35:52
(epstopdf)                    size: 1196369 bytes
(epstopdf)             Output file: <figures/quantum_advantage_b-eps-converted-
to.pdf>
(epstopdf)                    date: 2015-12-29 09:35:52
(epstopdf)                    size: 69135 bytes
(epstopdf)             Command: <epstopdf --outfile=figures/quantum_advantage_b
-eps-converted-to.pdf figures/quantum_advantage_b.eps>
(epstopdf)             \includegraphics on input line 649.
Package epstopdf Info: Output file is already uptodate.

<figures/quantum_advantage_b-eps-converted-to.pdf, id=137, 1166.3575pt x 940.51
375pt>
File: figures/quantum_advantage_b-eps-converted-to.pdf Graphic file (type pdf)
 <use figures/quantum_advantage_b-eps-converted-to.pdf>
Package pdftex.def Info: figures/quantum_advantage_b-eps-converted-to.pdf used 
on input line 649.
(pdftex.def)             Requested size: 199.16928pt x 160.60277pt.
 [3] [4 <C:/mscs-thesis/thesis/doc/AFIT LaTeX/figures/quantum_advantage_a-eps-c
onverted-to.pdf> <C:/mscs-thesis/thesis/doc/AFIT LaTeX/figures/quantum_advantag
e_b-eps-converted-to.pdf>] <figures/gsa_distributions.png, id=150, 716.6775pt x
 825.0825pt>
File: figures/gsa_distributions.png Graphic file (type png)

<use figures/gsa_distributions.png>
Package pdftex.def Info: figures/gsa_distributions.png used on input line 697.
(pdftex.def)             Requested size: 361.34999pt x 416.015pt.
 [5] [6 <C:/mscs-thesis/thesis/doc/AFIT LaTeX/figures/gsa_distributions.png>]
<figures/gsa_distribution_wing_detail.png, id=161, 737.75626pt x 849.1725pt>
File: figures/gsa_distribution_wing_detail.png Graphic file (type png)

<use figures/gsa_distribution_wing_detail.png>
Package pdftex.def Info: figures/gsa_distribution_wing_detail.png used on input
 line 708.
(pdftex.def)             Requested size: 361.34999pt x 415.91676pt.
 [7] [8 <C:/mscs-thesis/thesis/doc/AFIT LaTeX/figures/gsa_distribution_wing_det
ail.png>] [9]
Package epstopdf Info: Source file: <figures/concrete_matrix_rep_a.eps>
(epstopdf)                    date: 2015-12-29 09:35:52
(epstopdf)                    size: 151035 bytes
(epstopdf)             Output file: <figures/concrete_matrix_rep_a-eps-converte
d-to.pdf>
(epstopdf)                    date: 2015-12-29 09:35:52
(epstopdf)                    size: 52587 bytes
(epstopdf)             Command: <epstopdf --outfile=figures/concrete_matrix_rep
_a-eps-converted-to.pdf figures/concrete_matrix_rep_a.eps>
(epstopdf)             \includegraphics on input line 751.
Package epstopdf Info: Output file is already uptodate.

<figures/concrete_matrix_rep_a-eps-converted-to.pdf, id=172, 604.2575pt x 480.7
9625pt>
File: figures/concrete_matrix_rep_a-eps-converted-to.pdf Graphic file (type pdf
)
 <use figures/concrete_matrix_rep_a-eps-converted-to.pdf>
Package pdftex.def Info: figures/concrete_matrix_rep_a-eps-converted-to.pdf use
d on input line 751.
(pdftex.def)             Requested size: 199.16928pt x 158.4725pt.
Package epstopdf Info: Source file: <figures/concrete_matrix_rep_b.eps>
(epstopdf)                    date: 2015-12-29 09:35:52
(epstopdf)                    size: 131979 bytes
(epstopdf)             Output file: <figures/concrete_matrix_rep_b-eps-converte
d-to.pdf>
(epstopdf)                    date: 2015-12-29 09:35:52
(epstopdf)                    size: 53243 bytes
(epstopdf)             Command: <epstopdf --outfile=figures/concrete_matrix_rep
_b-eps-converted-to.pdf figures/concrete_matrix_rep_b.eps>
(epstopdf)             \includegraphics on input line 758.
Package epstopdf Info: Output file is already uptodate.

<figures/concrete_matrix_rep_b-eps-converted-to.pdf, id=173, 583.17876pt x 365.
365pt>
File: figures/concrete_matrix_rep_b-eps-converted-to.pdf Graphic file (type pdf
)
 <use figures/concrete_matrix_rep_b-eps-converted-to.pdf>
Package pdftex.def Info: figures/concrete_matrix_rep_b-eps-converted-to.pdf use
d on input line 758.
(pdftex.def)             Requested size: 199.16928pt x 124.77995pt.
 [10]
Package epstopdf Info: Source file: <figures/abstract_matrix_rep.eps>
(epstopdf)                    date: 2015-12-29 09:35:52
(epstopdf)                    size: 192941 bytes
(epstopdf)             Output file: <figures/abstract_matrix_rep-eps-converted-
to.pdf>
(epstopdf)                    date: 2015-12-29 09:35:52
(epstopdf)                    size: 35080 bytes
(epstopdf)             Command: <epstopdf --outfile=figures/abstract_matrix_rep
-eps-converted-to.pdf figures/abstract_matrix_rep.eps>
(epstopdf)             \includegraphics on input line 774.
Package epstopdf Info: Output file is already uptodate.

<figures/abstract_matrix_rep-eps-converted-to.pdf, id=177, 999.735pt x 507.8975
pt>
File: figures/abstract_matrix_rep-eps-converted-to.pdf Graphic file (type pdf)
 <use figures/abstract_matrix_rep-eps-converted-to.pdf>
Package pdftex.def Info: figures/abstract_matrix_rep-eps-converted-to.pdf used 
on input line 774.
(pdftex.def)             Requested size: 151.76744pt x 77.10356pt.
 [11 <C:/mscs-thesis/thesis/doc/AFIT LaTeX/figures/concrete_matrix_rep_a-eps-co
nverted-to.pdf> <C:/mscs-thesis/thesis/doc/AFIT LaTeX/figures/concrete_matrix_r
ep_b-eps-converted-to.pdf> <C:/mscs-thesis/thesis/doc/AFIT LaTeX/figures/abstra
ct_matrix_rep-eps-converted-to.pdf>] [12] [13] [14]
Missing character: There is no Â in font cmr10!
Missing character: There is no · in font cmr10!
Missing character: There is no â in font cmr8!
Missing character: There is no ˆ in font cmr8!
Missing character: There is no ’ in font cmr8!
 [15]
<figures/weight_space_gaussian.png, id=204, 578.16pt x 431.4519pt>
File: figures/weight_space_gaussian.png Graphic file (type png)

<use figures/weight_space_gaussian.png>
Package pdftex.def Info: figures/weight_space_gaussian.png used on input line 8
80.
(pdftex.def)             Requested size: 234.87749pt x 175.2769pt.

<figures/weight_space_gaussian_perf.png, id=205, 578.16pt x 431.4519pt>
File: figures/weight_space_gaussian_perf.png Graphic file (type png)

<use figures/weight_space_gaussian_perf.png>
Package pdftex.def Info: figures/weight_space_gaussian_perf.png used on input l
ine 887.
(pdftex.def)             Requested size: 234.87749pt x 175.2769pt.

Overfull \hbox (2.43333pt too wide) in paragraph at lines 878--894
[][]  [] 
 []

[16] [17 <C:/mscs-thesis/thesis/doc/AFIT LaTeX/figures/weight_space_gaussian.pn
g> <C:/mscs-thesis/thesis/doc/AFIT LaTeX/figures/weight_space_gaussian_perf.png
>] <figures/weight_space_cauchy.png, id=215, 578.16pt x 431.4519pt>
File: figures/weight_space_cauchy.png Graphic file (type png)

<use figures/weight_space_cauchy.png>
Package pdftex.def Info: figures/weight_space_cauchy.png used on input line 916
.
(pdftex.def)             Requested size: 234.87749pt x 175.2769pt.

<figures/weight_space_cauchy_perf.png, id=216, 578.16pt x 431.4519pt>
File: figures/weight_space_cauchy_perf.png Graphic file (type png)

<use figures/weight_space_cauchy_perf.png>
Package pdftex.def Info: figures/weight_space_cauchy_perf.png used on input lin
e 923.
(pdftex.def)             Requested size: 234.87749pt x 175.2769pt.

Overfull \hbox (2.43333pt too wide) in paragraph at lines 914--930
[][]  [] 
 []

[18 <C:/mscs-thesis/thesis/doc/AFIT LaTeX/figures/weight_space_cauchy.png> <C:/
mscs-thesis/thesis/doc/AFIT LaTeX/figures/weight_space_cauchy_perf.png>]
<figures/weight_space_gsa_i.png, id=222, 578.16pt x 431.4519pt>
File: figures/weight_space_gsa_i.png Graphic file (type png)

<use figures/weight_space_gsa_i.png>
Package pdftex.def Info: figures/weight_space_gsa_i.png used on input line 947.

(pdftex.def)             Requested size: 234.87749pt x 175.2769pt.

<figures/weight_space_gsa_i_perf.png, id=223, 578.16pt x 431.4519pt>
File: figures/weight_space_gsa_i_perf.png Graphic file (type png)

<use figures/weight_space_gsa_i_perf.png>
Package pdftex.def Info: figures/weight_space_gsa_i_perf.png used on input line
 954.
(pdftex.def)             Requested size: 234.87749pt x 175.2769pt.

Overfull \hbox (2.43333pt too wide) in paragraph at lines 945--961
[][]  [] 
 []

[19] [20 <C:/mscs-thesis/thesis/doc/AFIT LaTeX/figures/weight_space_gsa_i.png> 
<C:/mscs-thesis/thesis/doc/AFIT LaTeX/figures/weight_space_gsa_i_perf.png>]
<figures/weight_space_gsa_wa.png, id=232, 578.16pt x 431.4519pt>
File: figures/weight_space_gsa_wa.png Graphic file (type png)

<use figures/weight_space_gsa_wa.png>
Package pdftex.def Info: figures/weight_space_gsa_wa.png used on input line 980
.
(pdftex.def)             Requested size: 234.87749pt x 175.2769pt.

<figures/weight_space_gsa_wa_perf.png, id=233, 578.16pt x 431.4519pt>
File: figures/weight_space_gsa_wa_perf.png Graphic file (type png)

<use figures/weight_space_gsa_wa_perf.png>
Package pdftex.def Info: figures/weight_space_gsa_wa_perf.png used on input lin
e 987.
(pdftex.def)             Requested size: 234.87749pt x 175.2769pt.

Overfull \hbox (2.43333pt too wide) in paragraph at lines 978--994
[][]  [] 
 []

[21 <C:/mscs-thesis/thesis/doc/AFIT LaTeX/figures/weight_space_gsa_wa.png> <C:/
mscs-thesis/thesis/doc/AFIT LaTeX/figures/weight_space_gsa_wa_perf.png>]
<figures/weight_space_uniform.png, id=239, 578.16pt x 431.4519pt>
File: figures/weight_space_uniform.png Graphic file (type png)

<use figures/weight_space_uniform.png>
Package pdftex.def Info: figures/weight_space_uniform.png used on input line 10
09.
(pdftex.def)             Requested size: 234.87749pt x 175.2769pt.

<figures/weight_space_uniform_perf.png, id=240, 578.16pt x 431.4519pt>
File: figures/weight_space_uniform_perf.png Graphic file (type png)

<use figures/weight_space_uniform_perf.png>
Package pdftex.def Info: figures/weight_space_uniform_perf.png used on input li
ne 1016.
(pdftex.def)             Requested size: 234.87749pt x 175.2769pt.

Overfull \hbox (2.43333pt too wide) in paragraph at lines 1007--1021
[][]  [] 
 []

[22] <figures/wieght_space_comparative.png, id=244, 578.16pt x 431.4519pt>
File: figures/wieght_space_comparative.png Graphic file (type png)

<use figures/wieght_space_comparative.png>
Package pdftex.def Info: figures/wieght_space_comparative.png used on input lin
e 1042.
(pdftex.def)             Requested size: 433.62pt x 323.58813pt.
 [23 <C:/mscs-thesis/thesis/doc/AFIT LaTeX/figures/weight_space_uniform.png> <C
:/mscs-thesis/thesis/doc/AFIT LaTeX/figures/weight_space_uniform_perf.png>] [24
 <C:/mscs-thesis/thesis/doc/AFIT LaTeX/figures/wieght_space_comparative.png>] [
25]
Missing character: There is no Â in font cmr10!
Missing character: There is no · in font cmr10!
Missing character: There is no â in font cmr8!
Missing character: There is no ˆ in font cmr8!
Missing character: There is no ’ in font cmr8!

<figures/complicated_interaction.png, id=258, 578.16pt x 431.4519pt>
File: figures/complicated_interaction.png Graphic file (type png)

<use figures/complicated_interaction.png>
Package pdftex.def Info: figures/complicated_interaction.png used on input line
 1145.
(pdftex.def)             Requested size: 216.81pt x 161.79407pt.

<figures/complicated_interaction_imshow.png, id=259, 578.16pt x 431.4519pt>
File: figures/complicated_interaction_imshow.png Graphic file (type png)

<use figures/complicated_interaction_imshow.png>
Package pdftex.def Info: figures/complicated_interaction_imshow.png used on inp
ut line 1152.
(pdftex.def)             Requested size: 216.81pt x 161.79407pt.

Overfull \hbox (2.43333pt too wide) in paragraph at lines 1143--1156
[][]  [] 
 []

[26] [27 <C:/mscs-thesis/thesis/doc/AFIT LaTeX/figures/complicated_interaction.
png> <C:/mscs-thesis/thesis/doc/AFIT LaTeX/figures/complicated_interaction_imsh
ow.png>]

Chapter 4.

<figures/classPerf/classPerf_GaussianVisit_IsotropicAnisotropicity.png, id=268,
 578.16pt x 433.62pt>
File: figures/classPerf/classPerf_GaussianVisit_IsotropicAnisotropicity.png Gra
phic file (type png)

<use figures/classPerf/classPerf_GaussianVisit_IsotropicAnisotropicity.png>
Package pdftex.def Info: figures/classPerf/classPerf_GaussianVisit_IsotropicAni
sotropicity.png used on input line 1194.
(pdftex.def)             Requested size: 130.08621pt x 101.42899pt.

<figures/classPerf/classPerf_ExponentialVisit_IsotropicAnisotropicity.png, id=2
70, 578.16pt x 433.62pt>
File: figures/classPerf/classPerf_ExponentialVisit_IsotropicAnisotropicity.png 
Graphic file (type png)

<use figures/classPerf/classPerf_ExponentialVisit_IsotropicAnisotropicity.png>
Package pdftex.def Info: figures/classPerf/classPerf_ExponentialVisit_Isotropic
Anisotropicity.png used on input line 1195.
(pdftex.def)             Requested size: 115.63243pt x 101.37883pt.

<figures/classPerf/classPerf_CauchyVisit_IsotropicAnisotropicity.png, id=272, 5
78.16pt x 433.62pt>
File: figures/classPerf/classPerf_CauchyVisit_IsotropicAnisotropicity.png Graph
ic file (type png)

<use figures/classPerf/classPerf_CauchyVisit_IsotropicAnisotropicity.png>
Package pdftex.def Info: figures/classPerf/classPerf_CauchyVisit_IsotropicAniso
tropicity.png used on input line 1196.
(pdftex.def)             Requested size: 115.63243pt x 101.37883pt.

<figures/classPerf/classPerf_UniformVisit_IsotropicAnisotropicity.png, id=274, 
578.16pt x 433.62pt>
File: figures/classPerf/classPerf_UniformVisit_IsotropicAnisotropicity.png Grap
hic file (type png)

<use figures/classPerf/classPerf_UniformVisit_IsotropicAnisotropicity.png>
Package pdftex.def Info: figures/classPerf/classPerf_UniformVisit_IsotropicAnis
otropicity.png used on input line 1197.
(pdftex.def)             Requested size: 115.63243pt x 101.37883pt.

<figures/classPerf/classPerf_GaussianVisit_UniformAnisotropicity.png, id=276, 5
78.16pt x 433.62pt>
File: figures/classPerf/classPerf_GaussianVisit_UniformAnisotropicity.png Graph
ic file (type png)

<use figures/classPerf/classPerf_GaussianVisit_UniformAnisotropicity.png>
Package pdftex.def Info: figures/classPerf/classPerf_GaussianVisit_UniformAniso
tropicity.png used on input line 1201.
(pdftex.def)             Requested size: 130.08621pt x 101.42899pt.

<figures/classPerf/classPerf_ExponentialVisit_UniformAnisotropicity.png, id=278
, 578.16pt x 433.62pt>
File: figures/classPerf/classPerf_ExponentialVisit_UniformAnisotropicity.png Gr
aphic file (type png)

<use figures/classPerf/classPerf_ExponentialVisit_UniformAnisotropicity.png>
Package pdftex.def Info: figures/classPerf/classPerf_ExponentialVisit_UniformAn
isotropicity.png used on input line 1202.
(pdftex.def)             Requested size: 115.63243pt x 101.37883pt.

<figures/classPerf/classPerf_CauchyVisit_UniformAnisotropicity.png, id=280, 578
.16pt x 433.62pt>
File: figures/classPerf/classPerf_CauchyVisit_UniformAnisotropicity.png Graphic
 file (type png)

<use figures/classPerf/classPerf_CauchyVisit_UniformAnisotropicity.png>
Package pdftex.def Info: figures/classPerf/classPerf_CauchyVisit_UniformAnisotr
opicity.png used on input line 1203.
(pdftex.def)             Requested size: 115.63243pt x 101.37883pt.

<figures/classPerf/classPerf_UniformVisit_UniformAnisotropicity.png, id=282, 57
8.16pt x 433.62pt>
File: figures/classPerf/classPerf_UniformVisit_UniformAnisotropicity.png Graphi
c file (type png)

<use figures/classPerf/classPerf_UniformVisit_UniformAnisotropicity.png>
Package pdftex.def Info: figures/classPerf/classPerf_UniformVisit_UniformAnisot
ropicity.png used on input line 1204.
(pdftex.def)             Requested size: 115.63243pt x 101.37883pt.

<figures/classPerf/classPerf_GaussianVisit_NormativeAnisotropicity.png, id=284,
 578.16pt x 433.62pt>
File: figures/classPerf/classPerf_GaussianVisit_NormativeAnisotropicity.png Gra
phic file (type png)

<use figures/classPerf/classPerf_GaussianVisit_NormativeAnisotropicity.png>
Package pdftex.def Info: figures/classPerf/classPerf_GaussianVisit_NormativeAni
sotropicity.png used on input line 1207.
(pdftex.def)             Requested size: 130.08621pt x 101.42899pt.

<figures/classPerf/classPerf_ExponentialVisit_NormativeAnisotropicity.png, id=2
86, 578.16pt x 433.62pt>
File: figures/classPerf/classPerf_ExponentialVisit_NormativeAnisotropicity.png 
Graphic file (type png)

<use figures/classPerf/classPerf_ExponentialVisit_NormativeAnisotropicity.png>
Package pdftex.def Info: figures/classPerf/classPerf_ExponentialVisit_Normative
Anisotropicity.png used on input line 1208.
(pdftex.def)             Requested size: 115.63243pt x 101.37883pt.

<figures/classPerf/classPerf_CauchyVisit_NormativeAnisotropicity.png, id=288, 5
78.16pt x 433.62pt>
File: figures/classPerf/classPerf_CauchyVisit_NormativeAnisotropicity.png Graph
ic file (type png)

<use figures/classPerf/classPerf_CauchyVisit_NormativeAnisotropicity.png>
Package pdftex.def Info: figures/classPerf/classPerf_CauchyVisit_NormativeAniso
tropicity.png used on input line 1209.
(pdftex.def)             Requested size: 115.63243pt x 101.37883pt.

<figures/classPerf/classPerf_UniformVisit_NormativeAnisotropicity.png, id=290, 
578.16pt x 433.62pt>
File: figures/classPerf/classPerf_UniformVisit_NormativeAnisotropicity.png Grap
hic file (type png)

<use figures/classPerf/classPerf_UniformVisit_NormativeAnisotropicity.png>
Package pdftex.def Info: figures/classPerf/classPerf_UniformVisit_NormativeAnis
otropicity.png used on input line 1210.
(pdftex.def)             Requested size: 115.63243pt x 101.37883pt.

Overfull \hbox (65.78346pt too wide) in paragraph at lines 1190--1213
 [][] 
 []

[1

 <C:/mscs-thesis/thesis/doc/AFIT LaTeX/figures/classPerf/classPerf_GaussianVisi
t_IsotropicAnisotropicity.png> <C:/mscs-thesis/thesis/doc/AFIT LaTeX/figures/cl
assPerf/classPerf_ExponentialVisit_IsotropicAnisotropicity.png> <C:/mscs-thesis
/thesis/doc/AFIT LaTeX/figures/classPerf/classPerf_CauchyVisit_IsotropicAnisotr
opicity.png> <C:/mscs-thesis/thesis/doc/AFIT LaTeX/figures/classPerf/classPerf_
UniformVisit_IsotropicAnisotropicity.png> <C:/mscs-thesis/thesis/doc/AFIT LaTeX
/figures/classPerf/classPerf_GaussianVisit_UniformAnisotropicity.png> <C:/mscs-
thesis/thesis/doc/AFIT LaTeX/figures/classPerf/classPerf_ExponentialVisit_Unifo
rmAnisotropicity.png> <C:/mscs-thesis/thesis/doc/AFIT LaTeX/figures/classPerf/c
lassPerf_CauchyVisit_UniformAnisotropicity.png> <C:/mscs-thesis/thesis/doc/AFIT
 LaTeX/figures/classPerf/classPerf_UniformVisit_UniformAnisotropicity.png> <C:/
mscs-thesis/thesis/doc/AFIT LaTeX/figures/classPerf/classPerf_GaussianVisit_Nor
mativeAnisotropicity.png> <C:/mscs-thesis/thesis/doc/AFIT LaTeX/figures/classPe
rf/classPerf_ExponentialVisit_NormativeAnisotropicity.png> <C:/mscs-thesis/thes
is/doc/AFIT LaTeX/figures/classPerf/classPerf_CauchyVisit_NormativeAnisotropici
ty.png> <C:/mscs-thesis/thesis/doc/AFIT LaTeX/figures/classPerf/classPerf_Unifo
rmVisit_NormativeAnisotropicity.png>]

Chapter 5.
[1

]

Appendix 1.
("C:\mscs-thesis\thesis\doc\AFIT LaTeX\usethesis.bbl" [1


]

Bibliography.
[1

]
Underfull \hbox (badness 2126) in paragraph at lines 96--99
[]\OT1/cmr/m/n/10.95 Kirkpatrick, S., et al.  ``Op-ti-miza-tion by sim-u-lated 
an-neal-ing,'' \OT1/cmr/m/it/10.95 SCI-ENCE\OT1/cmr/m/n/10.95 ,
 []


Underfull \hbox (badness 1005) in paragraph at lines 154--157
[]\OT1/cmr/m/n/10.95 Piccinini, Gualtiero.  ``Com-pu-ta-tional Ex-pla-na-tion i
n Neu-ro-science,'' \OT1/cmr/m/it/10.95 Syn-these\OT1/cmr/m/n/10.95 ,
 []

[2]) [3]

Vita.
[1

] ("C:\mscs-thesis\thesis\doc\AFIT LaTeX\usethesis.aux")

LaTeX Warning: There were multiply-defined labels.

 ) 
Here is how much of TeX's memory you used:
 14272 strings out of 493921
 283116 string characters out of 3144847
 309657 words of memory out of 3000000
 17209 multiletter control sequences out of 15000+200000
 18051 words of font info for 66 fonts, out of 3000000 for 9000
 841 hyphenation exceptions out of 8191
 55i,15n,68p,1815b,1016s stack positions out of 5000i,500n,10000p,200000b,50000s
<C:/Program Files (x86)/MiKTeX 2.9/fonts/type1/public/amsfonts/cm/cmbsy10.pfb
><C:/Program Files (x86)/MiKTeX 2.9/fonts/type1/public/amsfonts/cm/cmbx10.pfb><
C:/Program Files (x86)/MiKTeX 2.9/fonts/type1/public/amsfonts/cm/cmex10.pfb><C:
/Program Files (x86)/MiKTeX 2.9/fonts/type1/public/amsfonts/cmextra/cmex8.pfb><
C:/Program Files (x86)/MiKTeX 2.9/fonts/type1/public/amsfonts/cm/cmmi10.pfb><C:
/Program Files (x86)/MiKTeX 2.9/fonts/type1/public/amsfonts/cm/cmmi6.pfb><C:/Pr
ogram Files (x86)/MiKTeX 2.9/fonts/type1/public/amsfonts/cm/cmmi8.pfb><C:/Progr
am Files (x86)/MiKTeX 2.9/fonts/type1/public/amsfonts/cm/cmmi9.pfb><C:/Program 
Files (x86)/MiKTeX 2.9/fonts/type1/public/amsfonts/cm/cmmib10.pfb><C:/Program F
iles (x86)/MiKTeX 2.9/fonts/type1/public/amsfonts/cm/cmr10.pfb><C:/Program File
s (x86)/MiKTeX 2.9/fonts/type1/public/amsfonts/cm/cmr12.pfb><C:/Program Files (
x86)/MiKTeX 2.9/fonts/type1/public/amsfonts/cm/cmr6.pfb><C:/Program Files (x86)
/MiKTeX 2.9/fonts/type1/public/amsfonts/cm/cmr8.pfb><C:/Program Files (x86)/MiK
TeX 2.9/fonts/type1/public/amsfonts/cm/cmr9.pfb><C:/Program Files (x86)/MiKTeX 
2.9/fonts/type1/public/amsfonts/cm/cmsy10.pfb><C:/Program Files (x86)/MiKTeX 2.
9/fonts/type1/public/amsfonts/cm/cmsy6.pfb><C:/Program Files (x86)/MiKTeX 2.9/f
onts/type1/public/amsfonts/cm/cmsy8.pfb><C:/Program Files (x86)/MiKTeX 2.9/font
s/type1/public/amsfonts/cm/cmsy9.pfb><C:/Program Files (x86)/MiKTeX 2.9/fonts/t
ype1/public/amsfonts/cm/cmti10.pfb><C:/Program Files (x86)/MiKTeX 2.9/fonts/typ
e1/public/amsfonts/cm/cmti12.pfb><C:/Program Files (x86)/MiKTeX 2.9/fonts/type1
/public/amsfonts/cm/cmti9.pfb><C:/Program Files (x86)/MiKTeX 2.9/fonts/type1/pu
blic/amsfonts/cm/cmtt10.pfb><C:/Program Files (x86)/MiKTeX 2.9/fonts/type1/publ
ic/amsfonts/symbols/msbm10.pfb>
Output written on usethesis.pdf (66 pages, 2405009 bytes).
PDF statistics:
 412 PDF objects out of 1000 (max. 8388607)
 0 named destinations out of 1000 (max. 500000)
 250 words of extra memory for PDF output out of 10000 (max. 10000000)

