This is TeX, Version 3.14159 (MiKTeX 1.20e) (preloaded format=latex 2000.6.8)  9 JUN 2000 13:18
**psfrag.ins
(psfrag.ins
LaTeX2e <1999/06/01> patch level 1
Babel <v3.6z> and hyphenation patterns for american, french, german, ngerman, n
ohyphenation, loaded.
(C:\texmf\tex\latex\base\docstrip.tex
\blockLevel=\count79
\emptyLines=\count80
\processedLines=\count81
\commentsRemoved=\count82
\commentsPassed=\count83
\codeLinesPassed=\count84
\TotalprocessedLines=\count85
\TotalcommentsRemoved=\count86
\TotalcommentsPassed=\count87
\TotalcodeLinesPassed=\count88
\NumberOfFiles=\count89
\inFile=\read1
\inputcheck=\read2
\off@0=\count90
\off@1=\count91
\off@2=\count92
\off@3=\count93
\off@4=\count94
\off@5=\count95
\off@6=\count96
\off@7=\count97
\off@8=\count98
\off@9=\count99
\off@10=\count100
\off@11=\count101
\off@12=\count102
\off@13=\count103
\off@14=\count104
\off@15=\count105
\@maxfiles=\count106
\@maxoutfiles=\count107

Utility: `docstrip' 2.5b <1998/04/28>
English documentation    <1999/03/31>

**********************************************************
* This program converts documented macro-files into fast *
* loadable files by stripping off (nearly) all comments! *
**********************************************************

********************************************************
* No Configuration file found, using default settings. *
********************************************************

(psfrag.ins

Generating file(s) ./psfrag.sty 

Processing file psfrag.dtx (package) -> psfrag.sty
% % % % % % % % % % % % % % <package . > <package . > % % % <*driver . . . . .
> % % % % % % % % % % % % % % % % % % % % % % % % % % % % % % % % % % % % % %
% % % % % % % % % % % % % % % % % % % % % % % % % <*package % % % % % . . . .
. . . . . . . . % % % . . . . . . . % % % % % % % % % % % % % . . . % % % % %
% % % % % % % % % % % % % . . . . % % % % % % % % % % % % % % . . % % % % % %
% % % % % % . . % % % % % % % % % % % % % % % . . . . . . . . . % % % % % % %
% % % % % % % % % % . . . . . . . . . % % % % % % % . % % % % % % . . . . . %
% % % % % % % % % % % % % % % % % . . % % % . . . . % % % . . . . . . % % % .
. . . . . . % % % . . . . % % % % % % % % % . . . % % % . . . . . . % % % % %
% % . % % % % % % % % % % % % % % % % % . % % % . . . . . % % % . . % % % % %
% % % % % % % % % % . . . . . . . . % % % % % % % % % % % . . . . . . . . . .
% % % % % % % % % % % % % % % % % % % % . . % % % . . . % % % . . % % % % . .
. . . . . . % % % % % . . % % % % % % . . . . . % % % % > <*filepro % % % % %
% % % % % % % % % % % % % % % % . . . . . % % % % % % % % % % % % % % % % . .
. . . . . . . . . % % % % % % % % % % % % % % % % . . . . % % % % % % % % % %
% % . . % % % % % % % % % % % % . . . . . % % % % % % % % . . . . . . % % % %
% % % % % % % % % % % % % . . . . . . . . . % % % % % % % % % % % . . . . . .
. . . % % % % % % % % % % % % % % % % % % % % % % % % % % % % % % % . . . . .
. . . . . . . . . . . . . . . . % % % % % % % . . . . % % % % % % % % % % . .
% % % % % % % % % % % % % % % % % % % % % % % % % % . . . . . . . % % % % % %
. . . . . % % % % . . . . . % % % % . . . . % % % . % % % . . . . . . . . . %
% % % % % % % % % % % . . . . . . . . % % % % % % % % % % % % % . . . . . . .
. . . . . . . . % % % % % % % % % % % % % % % % % . % % % % % % % % % % % . .
. . . . . . . % % % % > % % % <*package % % % % % % % % % % % % % % % % % % %
% . % % % % % % % % % % % % . % % % . . . . . % % % % % % % % % % . . . % % %
% % % % . % % % % % % % % . . . . . . . . . . . . . . . . . . . . % % % % % %
% % % % . % % % % % % . . . % % % % % % . . . . . . % % % % % % % % % % % % %
% % % % % % % % % % % % % % . . . . % % % % % % % % % % % % % % % % % % % % %
% % % % % . . . . . . . . . % % % % % % % . % % % % % % . % % % > % % %
Lines  processed: 1102
Comments removed: 754
Comments  passed: 0
Codelines passed: 338


Generating file(s) ./psfrag.pro 

Processing file psfrag.dtx (filepro) -> psfrag.pro
% % % % % % % % % % % % % % <package . > <package . > % % % <*driver . . . . .
> % % % % % % % % % % % % % % % % % % % % % % % % % % % % % % % % % % % % % %
% % % % % % % % % % % % % % % % % % % % % % % % % <*package % % % % % . . . .
. . . . . . . . % % % . . . . . . . % % % % % % % % % % % % % . . . % % % % %
% % % % % % % % % % % % % . . . . % % % % % % % % % % % % % % . . % % % % % %
% % % % % % . . % % % % % % % % % % % % % % % . . . . . . . . . % % % % % % %
% % % % % % % % % % . . . . . . . . . % % % % % % % . % % % % % % . . . . . %
% % % % % % % % % % % % % % % % % . . % % % . . . . % % % . . . . . . % % % .
. . . . . . % % % . . . . % % % % % % % % % . . . % % % . . . . . . % % % % %
% % . % % % % % % % % % % % % % % % % % . % % % . . . . . % % % . . % % % % %
% % % % % % % % % % . . . . . . . . % % % % % % % % % % % . . . . . . . . . .
% % % % % % % % % % % % % % % % % % % % . . % % % . . . % % % . . % % % % . .
. . . . . . % % % % % . . % % % % % % . . . . . % % % % > <*filepro % % % % %
% % % % % % % % % % % % % % % % . . . . . % % % % % % % % % % % % % % % % . .
. . . . . . . . . % % % % % % % % % % % % % % % % . . . . % % % % % % % % % %
% % . . % % % % % % % % % % % % . . . . . % % % % % % % % . . . . . . % % % %
% % % % % % % % % % % % % . . . . . . . . . % % % % % % % % % % % . . . . . .
. . . % % % % % % % % % % % % % % % % % % % % % % % % % % % % % % % . . . . .
. . . . . . . . . . . . . . . . % % % % % % % . . . . % % % % % % % % % % . .
% % % % % % % % % % % % % % % % % % % % % % % % % % . . . . . . . % % % % % %
. . . . . % % % % . . . . . % % % % . . . . % % % . % % % . . . . . . . . . %
% % % % % % % % % % % . . . . . . . . % % % % % % % % % % % % % . . . . . . .
. . . . . . . . % % % % % % % % % % % % % % % % % . % % % % % % % % % % % . .
. . . . . . . % % % % > % % % <*package % % % % % % % % % % % % % % % % % % %
% . % % % % % % % % % % % % . % % % . . . . . % % % % % % % % % % . . . % % %
% % % % . % % % % % % % % . . . . . . . . . . . . . . . . . . . . % % % % % %
% % % % . % % % % % % . . . % % % % % % . . . . . . % % % % % % % % % % % % %
% % % % % % % % % % % % % % . . . . % % % % % % % % % % % % % % % % % % % % %
% % % % % . . . . . . . . . % % % % % % % . % % % % % % . % % % > % % %
Lines  processed: 1102
Comments removed: 754
Comments  passed: 0
Codelines passed: 338

)
Overall statistics:
Files  processed: 2
Lines  processed: 2204
Comments removed: 1508
Comments  passed: 0
Codelines passed: 676
 ) )
No pages of output.
